[3.020s] Invoking command in '/home/dhruv/mapf_ws/src/mapf_planner': PYTHONPATH=/home/dhruv/mapf_ws/build/mapf_planner/prefix_override:/usr/lib/python3/dist-packages/colcon_core/task/python/colcon_distutils_commands:/home/dhruv/mapf_ws/install/mapf_planner/lib/python3.10/site-packages:${PYTHONPATH} /usr/bin/python3 -W ignore:setup.py install is deprecated -W ignore:easy_install command is deprecated setup.py egg_info --egg-base ../../build/mapf_planner build --build-base /home/dhruv/mapf_ws/build/mapf_planner/build install --record /home/dhruv/mapf_ws/build/mapf_planner/install.log --single-version-externally-managed install_data
[3.985s] running egg_info
[3.986s] creating ../../build/mapf_planner/mapf_planner.egg-info
[3.986s] writing ../../build/mapf_planner/mapf_planner.egg-info/PKG-INFO
[3.986s] writing dependency_links to ../../build/mapf_planner/mapf_planner.egg-info/dependency_links.txt
[3.986s] writing entry points to ../../build/mapf_planner/mapf_planner.egg-info/entry_points.txt
[3.986s] writing requirements to ../../build/mapf_planner/mapf_planner.egg-info/requires.txt
[3.986s] writing top-level names to ../../build/mapf_planner/mapf_planner.egg-info/top_level.txt
[3.986s] writing manifest file '../../build/mapf_planner/mapf_planner.egg-info/SOURCES.txt'
[3.992s] reading manifest file '../../build/mapf_planner/mapf_planner.egg-info/SOURCES.txt'
[3.992s] writing manifest file '../../build/mapf_planner/mapf_planner.egg-info/SOURCES.txt'
[3.992s] running build
[3.992s] running build_py
[3.992s] creating /home/dhruv/mapf_ws/build/mapf_planner/build
[3.992s] creating /home/dhruv/mapf_ws/build/mapf_planner/build/lib
[3.993s] creating /home/dhruv/mapf_ws/build/mapf_planner/build/lib/mapf_planner
[3.993s] copying mapf_planner/planner.py -> /home/dhruv/mapf_ws/build/mapf_planner/build/lib/mapf_planner
[4.001s] copying mapf_planner/__init__.py -> /home/dhruv/mapf_ws/build/mapf_planner/build/lib/mapf_planner
[4.001s] running install
[4.001s] running install_lib
[4.001s] creating /home/dhruv/mapf_ws/install/mapf_planner/lib/python3.10/site-packages/mapf_planner
[4.001s] copying /home/dhruv/mapf_ws/build/mapf_planner/build/lib/mapf_planner/planner.py -> /home/dhruv/mapf_ws/install/mapf_planner/lib/python3.10/site-packages/mapf_planner
[4.002s] copying /home/dhruv/mapf_ws/build/mapf_planner/build/lib/mapf_planner/__init__.py -> /home/dhruv/mapf_ws/install/mapf_planner/lib/python3.10/site-packages/mapf_planner
[4.003s] byte-compiling /home/dhruv/mapf_ws/install/mapf_planner/lib/python3.10/site-packages/mapf_planner/planner.py to planner.cpython-310.pyc
[4.015s] byte-compiling /home/dhruv/mapf_ws/install/mapf_planner/lib/python3.10/site-packages/mapf_planner/__init__.py to __init__.cpython-310.pyc
[4.015s] running install_data
[4.017s] creating /home/dhruv/mapf_ws/install/mapf_planner/share/ament_index
[4.017s] creating /home/dhruv/mapf_ws/install/mapf_planner/share/ament_index/resource_index
[4.018s] creating /home/dhruv/mapf_ws/install/mapf_planner/share/ament_index/resource_index/packages
[4.018s] copying resource/mapf_planner -> /home/dhruv/mapf_ws/install/mapf_planner/share/ament_index/resource_index/packages
[4.018s] copying package.xml -> /home/dhruv/mapf_ws/install/mapf_planner/share/mapf_planner
[4.018s] running install_egg_info
[4.032s] Copying ../../build/mapf_planner/mapf_planner.egg-info to /home/dhruv/mapf_ws/install/mapf_planner/lib/python3.10/site-packages/mapf_planner-0.0.0-py3.10.egg-info
[4.037s] running install_scripts
[4.105s] Installing mapf_planner script to /home/dhruv/mapf_ws/install/mapf_planner/lib/mapf_planner
[4.106s] writing list of installed files to '/home/dhruv/mapf_ws/build/mapf_planner/install.log'
[4.580s] Invoked command in '/home/dhruv/mapf_ws/src/mapf_planner' returned '0': PYTHONPATH=/home/dhruv/mapf_ws/build/mapf_planner/prefix_override:/usr/lib/python3/dist-packages/colcon_core/task/python/colcon_distutils_commands:/home/dhruv/mapf_ws/install/mapf_planner/lib/python3.10/site-packages:${PYTHONPATH} /usr/bin/python3 -W ignore:setup.py install is deprecated -W ignore:easy_install command is deprecated setup.py egg_info --egg-base ../../build/mapf_planner build --build-base /home/dhruv/mapf_ws/build/mapf_planner/build install --record /home/dhruv/mapf_ws/build/mapf_planner/install.log --single-version-externally-managed install_data
