running egg_info
creating ../../build/warehouse_description/warehouse_description.egg-info
writing ../../build/warehouse_description/warehouse_description.egg-info/PKG-INFO
writing dependency_links to ../../build/warehouse_description/warehouse_description.egg-info/dependency_links.txt
writing entry points to ../../build/warehouse_description/warehouse_description.egg-info/entry_points.txt
writing requirements to ../../build/warehouse_description/warehouse_description.egg-info/requires.txt
writing top-level names to ../../build/warehouse_description/warehouse_description.egg-info/top_level.txt
writing manifest file '../../build/warehouse_description/warehouse_description.egg-info/SOURCES.txt'
reading manifest file '../../build/warehouse_description/warehouse_description.egg-info/SOURCES.txt'
writing manifest file '../../build/warehouse_description/warehouse_description.egg-info/SOURCES.txt'
running build
running build_py
creating /home/dhruv/mapf_ws/build/warehouse_description/build
creating /home/dhruv/mapf_ws/build/warehouse_description/build/lib
creating /home/dhruv/mapf_ws/build/warehouse_description/build/lib/warehouse_description
copying warehouse_description/__init__.py -> /home/dhruv/mapf_ws/build/warehouse_description/build/lib/warehouse_description
running install
running install_lib
creating /home/dhruv/mapf_ws/install/warehouse_description/lib/python3.10/site-packages/warehouse_description
copying /home/dhruv/mapf_ws/build/warehouse_description/build/lib/warehouse_description/__init__.py -> /home/dhruv/mapf_ws/install/warehouse_description/lib/python3.10/site-packages/warehouse_description
byte-compiling /home/dhruv/mapf_ws/install/warehouse_description/lib/python3.10/site-packages/warehouse_description/__init__.py to __init__.cpython-310.pyc
running install_data
creating /home/dhruv/mapf_ws/install/warehouse_description/share/ament_index
creating /home/dhruv/mapf_ws/install/warehouse_description/share/ament_index/resource_index
creating /home/dhruv/mapf_ws/install/warehouse_description/share/ament_index/resource_index/packages
copying resource/warehouse_description -> /home/dhruv/mapf_ws/install/warehouse_description/share/ament_index/resource_index/packages
copying package.xml -> /home/dhruv/mapf_ws/install/warehouse_description/share/warehouse_description
creating /home/dhruv/mapf_ws/install/warehouse_description/share/warehouse_description/urdf
copying urdf/simple_robot.urdf -> /home/dhruv/mapf_ws/install/warehouse_description/share/warehouse_description/urdf
copying urdf/warehouse_robot.urdf -> /home/dhruv/mapf_ws/install/warehouse_description/share/warehouse_description/urdf
running install_egg_info
Copying ../../build/warehouse_description/warehouse_description.egg-info to /home/dhruv/mapf_ws/install/warehouse_description/lib/python3.10/site-packages/warehouse_description-0.0.0-py3.10.egg-info
running install_scripts
writing list of installed files to '/home/dhruv/mapf_ws/build/warehouse_description/install.log'
