[1.365s] Invoking command in '/home/dhruv/mapf_ws/src/bringup': PYTHONPATH=/home/dhruv/mapf_ws/build/bringup/prefix_override:/usr/lib/python3/dist-packages/colcon_core/task/python/colcon_distutils_commands:/home/dhruv/mapf_ws/install/bringup/lib/python3.10/site-packages:${PYTHONPATH} /usr/bin/python3 -W ignore:setup.py install is deprecated -W ignore:easy_install command is deprecated setup.py egg_info --egg-base ../../build/bringup build --build-base /home/dhruv/mapf_ws/build/bringup/build install --record /home/dhruv/mapf_ws/build/bringup/install.log --single-version-externally-managed install_data
[1.634s] running egg_info
[1.635s] writing ../../build/bringup/bringup.egg-info/PKG-INFO
[1.636s] writing dependency_links to ../../build/bringup/bringup.egg-info/dependency_links.txt
[1.636s] writing entry points to ../../build/bringup/bringup.egg-info/entry_points.txt
[1.637s] writing requirements to ../../build/bringup/bringup.egg-info/requires.txt
[1.637s] writing top-level names to ../../build/bringup/bringup.egg-info/top_level.txt
[1.641s] reading manifest file '../../build/bringup/bringup.egg-info/SOURCES.txt'
[1.643s] writing manifest file '../../build/bringup/bringup.egg-info/SOURCES.txt'
[1.643s] running build
[1.643s] running build_py
[1.645s] running install
[1.645s] running install_lib
[1.648s] running install_data
[1.648s] copying launch/full_system.launch.py -> /home/dhruv/mapf_ws/install/bringup/share/bringup/launch
[1.649s] running install_egg_info
[1.652s] removing '/home/dhruv/mapf_ws/install/bringup/lib/python3.10/site-packages/bringup-0.0.0-py3.10.egg-info' (and everything under it)
[1.653s] Copying ../../build/bringup/bringup.egg-info to /home/dhruv/mapf_ws/install/bringup/lib/python3.10/site-packages/bringup-0.0.0-py3.10.egg-info
[1.654s] running install_scripts
[1.687s] writing list of installed files to '/home/dhruv/mapf_ws/build/bringup/install.log'
[1.741s] Invoked command in '/home/dhruv/mapf_ws/src/bringup' returned '0': PYTHONPATH=/home/dhruv/mapf_ws/build/bringup/prefix_override:/usr/lib/python3/dist-packages/colcon_core/task/python/colcon_distutils_commands:/home/dhruv/mapf_ws/install/bringup/lib/python3.10/site-packages:${PYTHONPATH} /usr/bin/python3 -W ignore:setup.py install is deprecated -W ignore:easy_install command is deprecated setup.py egg_info --egg-base ../../build/bringup build --build-base /home/dhruv/mapf_ws/build/bringup/build install --record /home/dhruv/mapf_ws/build/bringup/install.log --single-version-externally-managed install_data
