running egg_info
creating ../../build/warehouse_gazebo/warehouse_gazebo.egg-info
writing ../../build/warehouse_gazebo/warehouse_gazebo.egg-info/PKG-INFO
writing dependency_links to ../../build/warehouse_gazebo/warehouse_gazebo.egg-info/dependency_links.txt
writing entry points to ../../build/warehouse_gazebo/warehouse_gazebo.egg-info/entry_points.txt
writing requirements to ../../build/warehouse_gazebo/warehouse_gazebo.egg-info/requires.txt
writing top-level names to ../../build/warehouse_gazebo/warehouse_gazebo.egg-info/top_level.txt
writing manifest file '../../build/warehouse_gazebo/warehouse_gazebo.egg-info/SOURCES.txt'
reading manifest file '../../build/warehouse_gazebo/warehouse_gazebo.egg-info/SOURCES.txt'
writing manifest file '../../build/warehouse_gazebo/warehouse_gazebo.egg-info/SOURCES.txt'
running build
running build_py
creating /home/dhruv/mapf_ws/build/warehouse_gazebo/build
creating /home/dhruv/mapf_ws/build/warehouse_gazebo/build/lib
creating /home/dhruv/mapf_ws/build/warehouse_gazebo/build/lib/warehouse_gazebo
copying warehouse_gazebo/__init__.py -> /home/dhruv/mapf_ws/build/warehouse_gazebo/build/lib/warehouse_gazebo
running install
running install_lib
creating /home/dhruv/mapf_ws/install/warehouse_gazebo/lib/python3.10/site-packages/warehouse_gazebo
copying /home/dhruv/mapf_ws/build/warehouse_gazebo/build/lib/warehouse_gazebo/__init__.py -> /home/dhruv/mapf_ws/install/warehouse_gazebo/lib/python3.10/site-packages/warehouse_gazebo
byte-compiling /home/dhruv/mapf_ws/install/warehouse_gazebo/lib/python3.10/site-packages/warehouse_gazebo/__init__.py to __init__.cpython-310.pyc
running install_data
creating /home/dhruv/mapf_ws/install/warehouse_gazebo/share/ament_index
creating /home/dhruv/mapf_ws/install/warehouse_gazebo/share/ament_index/resource_index
creating /home/dhruv/mapf_ws/install/warehouse_gazebo/share/ament_index/resource_index/packages
copying resource/warehouse_gazebo -> /home/dhruv/mapf_ws/install/warehouse_gazebo/share/ament_index/resource_index/packages
copying package.xml -> /home/dhruv/mapf_ws/install/warehouse_gazebo/share/warehouse_gazebo
creating /home/dhruv/mapf_ws/install/warehouse_gazebo/share/warehouse_gazebo/launch
copying launch/sim.launch.py -> /home/dhruv/mapf_ws/install/warehouse_gazebo/share/warehouse_gazebo/launch
creating /home/dhruv/mapf_ws/install/warehouse_gazebo/share/warehouse_gazebo/worlds
copying worlds/warehouse.world -> /home/dhruv/mapf_ws/install/warehouse_gazebo/share/warehouse_gazebo/worlds
copying worlds/smart_warehouse.world -> /home/dhruv/mapf_ws/install/warehouse_gazebo/share/warehouse_gazebo/worlds
running install_egg_info
Copying ../../build/warehouse_gazebo/warehouse_gazebo.egg-info to /home/dhruv/mapf_ws/install/warehouse_gazebo/lib/python3.10/site-packages/warehouse_gazebo-0.0.0-py3.10.egg-info
running install_scripts
writing list of installed files to '/home/dhruv/mapf_ws/build/warehouse_gazebo/install.log'
