[1.887s] Invoking command in '/home/dhruv/mapf_ws/src/warehouse_gazebo': PYTHONPATH=/home/dhruv/mapf_ws/build/warehouse_gazebo/prefix_override:/usr/lib/python3/dist-packages/colcon_core/task/python/colcon_distutils_commands:/home/dhruv/mapf_ws/install/warehouse_gazebo/lib/python3.10/site-packages:${PYTHONPATH} /usr/bin/python3 -W ignore:setup.py install is deprecated -W ignore:easy_install command is deprecated setup.py egg_info --egg-base ../../build/warehouse_gazebo build --build-base /home/dhruv/mapf_ws/build/warehouse_gazebo/build install --record /home/dhruv/mapf_ws/build/warehouse_gazebo/install.log --single-version-externally-managed install_data
[2.175s] running egg_info
[2.176s] creating ../../build/warehouse_gazebo/warehouse_gazebo.egg-info
[2.176s] writing ../../build/warehouse_gazebo/warehouse_gazebo.egg-info/PKG-INFO
[2.176s] writing dependency_links to ../../build/warehouse_gazebo/warehouse_gazebo.egg-info/dependency_links.txt
[2.176s] writing entry points to ../../build/warehouse_gazebo/warehouse_gazebo.egg-info/entry_points.txt
[2.177s] writing requirements to ../../build/warehouse_gazebo/warehouse_gazebo.egg-info/requires.txt
[2.177s] writing top-level names to ../../build/warehouse_gazebo/warehouse_gazebo.egg-info/top_level.txt
[2.178s] writing manifest file '../../build/warehouse_gazebo/warehouse_gazebo.egg-info/SOURCES.txt'
[2.190s] reading manifest file '../../build/warehouse_gazebo/warehouse_gazebo.egg-info/SOURCES.txt'
[2.191s] writing manifest file '../../build/warehouse_gazebo/warehouse_gazebo.egg-info/SOURCES.txt'
[2.192s] running build
[2.192s] running build_py
[2.192s] creating /home/dhruv/mapf_ws/build/warehouse_gazebo/build
[2.192s] creating /home/dhruv/mapf_ws/build/warehouse_gazebo/build/lib
[2.192s] creating /home/dhruv/mapf_ws/build/warehouse_gazebo/build/lib/warehouse_gazebo
[2.192s] copying warehouse_gazebo/__init__.py -> /home/dhruv/mapf_ws/build/warehouse_gazebo/build/lib/warehouse_gazebo
[2.192s] running install
[2.193s] running install_lib
[2.194s] creating /home/dhruv/mapf_ws/install/warehouse_gazebo/lib/python3.10/site-packages/warehouse_gazebo
[2.194s] copying /home/dhruv/mapf_ws/build/warehouse_gazebo/build/lib/warehouse_gazebo/__init__.py -> /home/dhruv/mapf_ws/install/warehouse_gazebo/lib/python3.10/site-packages/warehouse_gazebo
[2.195s] byte-compiling /home/dhruv/mapf_ws/install/warehouse_gazebo/lib/python3.10/site-packages/warehouse_gazebo/__init__.py to __init__.cpython-310.pyc
[2.196s] running install_data
[2.196s] creating /home/dhruv/mapf_ws/install/warehouse_gazebo/share/ament_index
[2.196s] creating /home/dhruv/mapf_ws/install/warehouse_gazebo/share/ament_index/resource_index
[2.196s] creating /home/dhruv/mapf_ws/install/warehouse_gazebo/share/ament_index/resource_index/packages
[2.196s] copying resource/warehouse_gazebo -> /home/dhruv/mapf_ws/install/warehouse_gazebo/share/ament_index/resource_index/packages
[2.196s] copying package.xml -> /home/dhruv/mapf_ws/install/warehouse_gazebo/share/warehouse_gazebo
[2.197s] creating /home/dhruv/mapf_ws/install/warehouse_gazebo/share/warehouse_gazebo/launch
[2.197s] copying launch/sim.launch.py -> /home/dhruv/mapf_ws/install/warehouse_gazebo/share/warehouse_gazebo/launch
[2.197s] creating /home/dhruv/mapf_ws/install/warehouse_gazebo/share/warehouse_gazebo/worlds
[2.197s] copying worlds/warehouse.world -> /home/dhruv/mapf_ws/install/warehouse_gazebo/share/warehouse_gazebo/worlds
[2.198s] copying worlds/smart_warehouse.world -> /home/dhruv/mapf_ws/install/warehouse_gazebo/share/warehouse_gazebo/worlds
[2.199s] running install_egg_info
[2.202s] Copying ../../build/warehouse_gazebo/warehouse_gazebo.egg-info to /home/dhruv/mapf_ws/install/warehouse_gazebo/lib/python3.10/site-packages/warehouse_gazebo-0.0.0-py3.10.egg-info
[2.207s] running install_scripts
[2.238s] writing list of installed files to '/home/dhruv/mapf_ws/build/warehouse_gazebo/install.log'
[2.298s] Invoked command in '/home/dhruv/mapf_ws/src/warehouse_gazebo' returned '0': PYTHONPATH=/home/dhruv/mapf_ws/build/warehouse_gazebo/prefix_override:/usr/lib/python3/dist-packages/colcon_core/task/python/colcon_distutils_commands:/home/dhruv/mapf_ws/install/warehouse_gazebo/lib/python3.10/site-packages:${PYTHONPATH} /usr/bin/python3 -W ignore:setup.py install is deprecated -W ignore:easy_install command is deprecated setup.py egg_info --egg-base ../../build/warehouse_gazebo build --build-base /home/dhruv/mapf_ws/build/warehouse_gazebo/build install --record /home/dhruv/mapf_ws/build/warehouse_gazebo/install.log --single-version-externally-managed install_data
