[0.535s] DEBUG:colcon:Command line arguments: ['/usr/bin/colcon', 'build', '--packages-select', 'mapf_planner', 'bringup']
[0.535s] DEBUG:colcon:Parsed command line arguments: Namespace(log_base=None, log_level=None, verb_name='build', build_base='build', install_base='install', merge_install=False, symlink_install=False, test_result_base=None, continue_on_error=False, executor='parallel', parallel_workers=4, event_handlers=None, ignore_user_meta=False, metas=['./colcon.meta'], base_paths=['.'], packages_ignore=None, packages_ignore_regex=None, paths=None, packages_up_to=None, packages_up_to_regex=None, packages_above=None, packages_above_and_dependencies=None, packages_above_depth=None, packages_select_by_dep=None, packages_skip_by_dep=None, packages_skip_up_to=None, packages_select_build_failed=False, packages_skip_build_finished=False, packages_select_test_failures=False, packages_skip_test_passed=False, packages_select=['mapf_planner', 'bringup'], packages_skip=None, packages_select_regex=None, packages_skip_regex=None, packages_start=None, packages_end=None, allow_overriding=[], cmake_args=None, cmake_target=None, cmake_target_skip_unavailable=False, cmake_clean_cache=False, cmake_clean_first=False, cmake_force_configure=False, ament_cmake_args=None, catkin_cmake_args=None, catkin_skip_building_tests=False, verb_parser=<colcon_defaults.argument_parser.defaults.DefaultArgumentsDecorator object at 0x794d68ccd810>, verb_extension=<colcon_core.verb.build.BuildVerb object at 0x794d68ebe500>, main=<bound method BuildVerb.main of <colcon_core.verb.build.BuildVerb object at 0x794d68ebe500>>)
[0.904s] Level 1:colcon.colcon_core.package_discovery:discover_packages(colcon_meta) check parameters
[0.904s] Level 1:colcon.colcon_core.package_discovery:discover_packages(recursive) check parameters
[0.905s] Level 1:colcon.colcon_core.package_discovery:discover_packages(ignore) check parameters
[0.905s] Level 1:colcon.colcon_core.package_discovery:discover_packages(path) check parameters
[0.905s] Level 1:colcon.colcon_core.package_discovery:discover_packages(colcon_meta) discover
[0.905s] Level 1:colcon.colcon_core.package_discovery:discover_packages(recursive) discover
[0.905s] INFO:colcon.colcon_core.package_discovery:Crawling recursively for packages in '/home/dhruv/mapf_ws'
[0.905s] Level 1:colcon.colcon_core.package_identification:_identify(.) by extensions ['ignore', 'ignore_ament_install']
[0.905s] Level 1:colcon.colcon_core.package_identification:_identify(.) by extension 'ignore'
[0.905s] Level 1:colcon.colcon_core.package_identification:_identify(.) by extension 'ignore_ament_install'
[0.905s] Level 1:colcon.colcon_core.package_identification:_identify(.) by extensions ['colcon_pkg']
[0.905s] Level 1:colcon.colcon_core.package_identification:_identify(.) by extension 'colcon_pkg'
[0.905s] Level 1:colcon.colcon_core.package_identification:_identify(.) by extensions ['colcon_meta']
[0.905s] Level 1:colcon.colcon_core.package_identification:_identify(.) by extension 'colcon_meta'
[0.905s] Level 1:colcon.colcon_core.package_identification:_identify(.) by extensions ['ros']
[0.905s] Level 1:colcon.colcon_core.package_identification:_identify(.) by extension 'ros'
[0.921s] Level 1:colcon.colcon_core.package_identification:_identify(.) by extensions ['cmake', 'python']
[0.921s] Level 1:colcon.colcon_core.package_identification:_identify(.) by extension 'cmake'
[0.921s] Level 1:colcon.colcon_core.package_identification:_identify(.) by extension 'python'
[0.921s] Level 1:colcon.colcon_core.package_identification:_identify(.) by extensions ['python_setup_py']
[0.921s] Level 1:colcon.colcon_core.package_identification:_identify(.) by extension 'python_setup_py'
[0.921s] Level 1:colcon.colcon_core.package_identification:_identify(build) by extensions ['ignore', 'ignore_ament_install']
[0.921s] Level 1:colcon.colcon_core.package_identification:_identify(build) by extension 'ignore'
[0.921s] Level 1:colcon.colcon_core.package_identification:_identify(build) ignored
[0.921s] Level 1:colcon.colcon_core.package_identification:_identify(install) by extensions ['ignore', 'ignore_ament_install']
[0.922s] Level 1:colcon.colcon_core.package_identification:_identify(install) by extension 'ignore'
[0.922s] Level 1:colcon.colcon_core.package_identification:_identify(install) ignored
[0.922s] Level 1:colcon.colcon_core.package_identification:_identify(log) by extensions ['ignore', 'ignore_ament_install']
[0.922s] Level 1:colcon.colcon_core.package_identification:_identify(log) by extension 'ignore'
[0.922s] Level 1:colcon.colcon_core.package_identification:_identify(log) ignored
[0.922s] Level 1:colcon.colcon_core.package_identification:_identify(src) by extensions ['ignore', 'ignore_ament_install']
[0.922s] Level 1:colcon.colcon_core.package_identification:_identify(src) by extension 'ignore'
[0.922s] Level 1:colcon.colcon_core.package_identification:_identify(src) by extension 'ignore_ament_install'
[0.922s] Level 1:colcon.colcon_core.package_identification:_identify(src) by extensions ['colcon_pkg']
[0.922s] Level 1:colcon.colcon_core.package_identification:_identify(src) by extension 'colcon_pkg'
[0.922s] Level 1:colcon.colcon_core.package_identification:_identify(src) by extensions ['colcon_meta']
[0.922s] Level 1:colcon.colcon_core.package_identification:_identify(src) by extension 'colcon_meta'
[0.922s] Level 1:colcon.colcon_core.package_identification:_identify(src) by extensions ['ros']
[0.922s] Level 1:colcon.colcon_core.package_identification:_identify(src) by extension 'ros'
[0.922s] Level 1:colcon.colcon_core.package_identification:_identify(src) by extensions ['cmake', 'python']
[0.922s] Level 1:colcon.colcon_core.package_identification:_identify(src) by extension 'cmake'
[0.922s] Level 1:colcon.colcon_core.package_identification:_identify(src) by extension 'python'
[0.922s] Level 1:colcon.colcon_core.package_identification:_identify(src) by extensions ['python_setup_py']
[0.922s] Level 1:colcon.colcon_core.package_identification:_identify(src) by extension 'python_setup_py'
[0.923s] Level 1:colcon.colcon_core.package_identification:_identify(src/bringup) by extensions ['ignore', 'ignore_ament_install']
[0.923s] Level 1:colcon.colcon_core.package_identification:_identify(src/bringup) by extension 'ignore'
[0.923s] Level 1:colcon.colcon_core.package_identification:_identify(src/bringup) by extension 'ignore_ament_install'
[0.923s] Level 1:colcon.colcon_core.package_identification:_identify(src/bringup) by extensions ['colcon_pkg']
[0.923s] Level 1:colcon.colcon_core.package_identification:_identify(src/bringup) by extension 'colcon_pkg'
[0.923s] Level 1:colcon.colcon_core.package_identification:_identify(src/bringup) by extensions ['colcon_meta']
[0.923s] Level 1:colcon.colcon_core.package_identification:_identify(src/bringup) by extension 'colcon_meta'
[0.923s] Level 1:colcon.colcon_core.package_identification:_identify(src/bringup) by extensions ['ros']
[0.924s] Level 1:colcon.colcon_core.package_identification:_identify(src/bringup) by extension 'ros'
[0.928s] DEBUG:colcon.colcon_core.package_identification:Package 'src/bringup' with type 'ros.ament_python' and name 'bringup'
[0.929s] Level 1:colcon.colcon_core.package_identification:_identify(src/mapf_planner) by extensions ['ignore', 'ignore_ament_install']
[0.929s] Level 1:colcon.colcon_core.package_identification:_identify(src/mapf_planner) by extension 'ignore'
[0.929s] Level 1:colcon.colcon_core.package_identification:_identify(src/mapf_planner) by extension 'ignore_ament_install'
[0.929s] Level 1:colcon.colcon_core.package_identification:_identify(src/mapf_planner) by extensions ['colcon_pkg']
[0.929s] Level 1:colcon.colcon_core.package_identification:_identify(src/mapf_planner) by extension 'colcon_pkg'
[0.929s] Level 1:colcon.colcon_core.package_identification:_identify(src/mapf_planner) by extensions ['colcon_meta']
[0.929s] Level 1:colcon.colcon_core.package_identification:_identify(src/mapf_planner) by extension 'colcon_meta'
[0.929s] Level 1:colcon.colcon_core.package_identification:_identify(src/mapf_planner) by extensions ['ros']
[0.929s] Level 1:colcon.colcon_core.package_identification:_identify(src/mapf_planner) by extension 'ros'
[0.930s] DEBUG:colcon.colcon_core.package_identification:Package 'src/mapf_planner' with type 'ros.ament_python' and name 'mapf_planner'
[0.930s] Level 1:colcon.colcon_core.package_identification:_identify(src/robot_controller) by extensions ['ignore', 'ignore_ament_install']
[0.930s] Level 1:colcon.colcon_core.package_identification:_identify(src/robot_controller) by extension 'ignore'
[0.930s] Level 1:colcon.colcon_core.package_identification:_identify(src/robot_controller) by extension 'ignore_ament_install'
[0.930s] Level 1:colcon.colcon_core.package_identification:_identify(src/robot_controller) by extensions ['colcon_pkg']
[0.930s] Level 1:colcon.colcon_core.package_identification:_identify(src/robot_controller) by extension 'colcon_pkg'
[0.930s] Level 1:colcon.colcon_core.package_identification:_identify(src/robot_controller) by extensions ['colcon_meta']
[0.930s] Level 1:colcon.colcon_core.package_identification:_identify(src/robot_controller) by extension 'colcon_meta'
[0.931s] Level 1:colcon.colcon_core.package_identification:_identify(src/robot_controller) by extensions ['ros']
[0.931s] Level 1:colcon.colcon_core.package_identification:_identify(src/robot_controller) by extension 'ros'
[0.932s] DEBUG:colcon.colcon_core.package_identification:Package 'src/robot_controller' with type 'ros.ament_python' and name 'robot_controller'
[0.933s] Level 1:colcon.colcon_core.package_identification:_identify(src/task_allocator) by extensions ['ignore', 'ignore_ament_install']
[0.933s] Level 1:colcon.colcon_core.package_identification:_identify(src/task_allocator) by extension 'ignore'
[0.933s] Level 1:colcon.colcon_core.package_identification:_identify(src/task_allocator) by extension 'ignore_ament_install'
[0.933s] Level 1:colcon.colcon_core.package_identification:_identify(src/task_allocator) by extensions ['colcon_pkg']
[0.933s] Level 1:colcon.colcon_core.package_identification:_identify(src/task_allocator) by extension 'colcon_pkg'
[0.933s] Level 1:colcon.colcon_core.package_identification:_identify(src/task_allocator) by extensions ['colcon_meta']
[0.933s] Level 1:colcon.colcon_core.package_identification:_identify(src/task_allocator) by extension 'colcon_meta'
[0.933s] Level 1:colcon.colcon_core.package_identification:_identify(src/task_allocator) by extensions ['ros']
[0.933s] Level 1:colcon.colcon_core.package_identification:_identify(src/task_allocator) by extension 'ros'
[0.934s] DEBUG:colcon.colcon_core.package_identification:Package 'src/task_allocator' with type 'ros.ament_python' and name 'task_allocator'
[0.935s] Level 1:colcon.colcon_core.package_identification:_identify(src/warehouse_description) by extensions ['ignore', 'ignore_ament_install']
[0.935s] Level 1:colcon.colcon_core.package_identification:_identify(src/warehouse_description) by extension 'ignore'
[0.935s] Level 1:colcon.colcon_core.package_identification:_identify(src/warehouse_description) by extension 'ignore_ament_install'
[0.935s] Level 1:colcon.colcon_core.package_identification:_identify(src/warehouse_description) by extensions ['colcon_pkg']
[0.935s] Level 1:colcon.colcon_core.package_identification:_identify(src/warehouse_description) by extension 'colcon_pkg'
[0.935s] Level 1:colcon.colcon_core.package_identification:_identify(src/warehouse_description) by extensions ['colcon_meta']
[0.935s] Level 1:colcon.colcon_core.package_identification:_identify(src/warehouse_description) by extension 'colcon_meta'
[0.935s] Level 1:colcon.colcon_core.package_identification:_identify(src/warehouse_description) by extensions ['ros']
[0.935s] Level 1:colcon.colcon_core.package_identification:_identify(src/warehouse_description) by extension 'ros'
[0.936s] DEBUG:colcon.colcon_core.package_identification:Package 'src/warehouse_description' with type 'ros.ament_python' and name 'warehouse_description'
[0.937s] Level 1:colcon.colcon_core.package_identification:_identify(src/warehouse_gazebo) by extensions ['ignore', 'ignore_ament_install']
[0.937s] Level 1:colcon.colcon_core.package_identification:_identify(src/warehouse_gazebo) by extension 'ignore'
[0.937s] Level 1:colcon.colcon_core.package_identification:_identify(src/warehouse_gazebo) by extension 'ignore_ament_install'
[0.937s] Level 1:colcon.colcon_core.package_identification:_identify(src/warehouse_gazebo) by extensions ['colcon_pkg']
[0.937s] Level 1:colcon.colcon_core.package_identification:_identify(src/warehouse_gazebo) by extension 'colcon_pkg'
[0.937s] Level 1:colcon.colcon_core.package_identification:_identify(src/warehouse_gazebo) by extensions ['colcon_meta']
[0.937s] Level 1:colcon.colcon_core.package_identification:_identify(src/warehouse_gazebo) by extension 'colcon_meta'
[0.937s] Level 1:colcon.colcon_core.package_identification:_identify(src/warehouse_gazebo) by extensions ['ros']
[0.937s] Level 1:colcon.colcon_core.package_identification:_identify(src/warehouse_gazebo) by extension 'ros'
[0.938s] DEBUG:colcon.colcon_core.package_identification:Package 'src/warehouse_gazebo' with type 'ros.ament_python' and name 'warehouse_gazebo'
[0.938s] Level 1:colcon.colcon_core.package_discovery:discover_packages(recursive) using defaults
[0.938s] Level 1:colcon.colcon_core.package_discovery:discover_packages(ignore) discover
[0.938s] Level 1:colcon.colcon_core.package_discovery:discover_packages(ignore) using defaults
[0.938s] Level 1:colcon.colcon_core.package_discovery:discover_packages(path) discover
[0.938s] Level 1:colcon.colcon_core.package_discovery:discover_packages(path) using defaults
[1.006s] INFO:colcon.colcon_core.package_selection:Skipping not selected package 'robot_controller' in 'src/robot_controller'
[1.006s] INFO:colcon.colcon_core.package_selection:Skipping not selected package 'task_allocator' in 'src/task_allocator'
[1.006s] INFO:colcon.colcon_core.package_selection:Skipping not selected package 'warehouse_description' in 'src/warehouse_description'
[1.007s] INFO:colcon.colcon_core.package_selection:Skipping not selected package 'warehouse_gazebo' in 'src/warehouse_gazebo'
[1.007s] Level 1:colcon.colcon_core.package_discovery:discover_packages(prefix_path) check parameters
[1.007s] Level 1:colcon.colcon_core.package_discovery:discover_packages(prefix_path) discover
[1.018s] DEBUG:colcon.colcon_installed_package_information.package_discovery:Found 6 installed packages in /home/dhruv/mapf_ws/install
[1.023s] DEBUG:colcon.colcon_installed_package_information.package_discovery:Found 368 installed packages in /opt/ros/humble
[1.025s] Level 1:colcon.colcon_core.package_discovery:discover_packages(prefix_path) using defaults
[1.225s] Level 5:colcon.colcon_core.verb:set package 'bringup' build argument 'cmake_args' from command line to 'None'
[1.225s] Level 5:colcon.colcon_core.verb:set package 'bringup' build argument 'cmake_target' from command line to 'None'
[1.226s] Level 5:colcon.colcon_core.verb:set package 'bringup' build argument 'cmake_target_skip_unavailable' from command line to 'False'
[1.226s] Level 5:colcon.colcon_core.verb:set package 'bringup' build argument 'cmake_clean_cache' from command line to 'False'
[1.226s] Level 5:colcon.colcon_core.verb:set package 'bringup' build argument 'cmake_clean_first' from command line to 'False'
[1.226s] Level 5:colcon.colcon_core.verb:set package 'bringup' build argument 'cmake_force_configure' from command line to 'False'
[1.226s] Level 5:colcon.colcon_core.verb:set package 'bringup' build argument 'ament_cmake_args' from command line to 'None'
[1.226s] Level 5:colcon.colcon_core.verb:set package 'bringup' build argument 'catkin_cmake_args' from command line to 'None'
[1.226s] Level 5:colcon.colcon_core.verb:set package 'bringup' build argument 'catkin_skip_building_tests' from command line to 'False'
[1.226s] DEBUG:colcon.colcon_core.verb:Building package 'bringup' with the following arguments: {'ament_cmake_args': None, 'build_base': '/home/dhruv/mapf_ws/build/bringup', 'catkin_cmake_args': None, 'catkin_skip_building_tests': False, 'cmake_args': None, 'cmake_clean_cache': False, 'cmake_clean_first': False, 'cmake_force_configure': False, 'cmake_target': None, 'cmake_target_skip_unavailable': False, 'install_base': '/home/dhruv/mapf_ws/install/bringup', 'merge_install': False, 'path': '/home/dhruv/mapf_ws/src/bringup', 'symlink_install': False, 'test_result_base': None}
[1.226s] Level 5:colcon.colcon_core.verb:set package 'mapf_planner' build argument 'cmake_args' from command line to 'None'
[1.226s] Level 5:colcon.colcon_core.verb:set package 'mapf_planner' build argument 'cmake_target' from command line to 'None'
[1.226s] Level 5:colcon.colcon_core.verb:set package 'mapf_planner' build argument 'cmake_target_skip_unavailable' from command line to 'False'
[1.226s] Level 5:colcon.colcon_core.verb:set package 'mapf_planner' build argument 'cmake_clean_cache' from command line to 'False'
[1.226s] Level 5:colcon.colcon_core.verb:set package 'mapf_planner' build argument 'cmake_clean_first' from command line to 'False'
[1.226s] Level 5:colcon.colcon_core.verb:set package 'mapf_planner' build argument 'cmake_force_configure' from command line to 'False'
[1.226s] Level 5:colcon.colcon_core.verb:set package 'mapf_planner' build argument 'ament_cmake_args' from command line to 'None'
[1.226s] Level 5:colcon.colcon_core.verb:set package 'mapf_planner' build argument 'catkin_cmake_args' from command line to 'None'
[1.226s] Level 5:colcon.colcon_core.verb:set package 'mapf_planner' build argument 'catkin_skip_building_tests' from command line to 'False'
[1.226s] DEBUG:colcon.colcon_core.verb:Building package 'mapf_planner' with the following arguments: {'ament_cmake_args': None, 'build_base': '/home/dhruv/mapf_ws/build/mapf_planner', 'catkin_cmake_args': None, 'catkin_skip_building_tests': False, 'cmake_args': None, 'cmake_clean_cache': False, 'cmake_clean_first': False, 'cmake_force_configure': False, 'cmake_target': None, 'cmake_target_skip_unavailable': False, 'install_base': '/home/dhruv/mapf_ws/install/mapf_planner', 'merge_install': False, 'path': '/home/dhruv/mapf_ws/src/mapf_planner', 'symlink_install': False, 'test_result_base': None}
[1.226s] INFO:colcon.colcon_core.executor:Executing jobs using 'parallel' executor
[1.228s] DEBUG:colcon.colcon_parallel_executor.executor.parallel:run_until_complete
[1.228s] INFO:colcon.colcon_ros.task.ament_python.build:Building ROS package in '/home/dhruv/mapf_ws/src/bringup' with build type 'ament_python'
[1.228s] Level 1:colcon.colcon_core.shell:create_environment_hook('bringup', 'ament_prefix_path')
[1.235s] INFO:colcon.colcon_core.plugin_system:Skipping extension 'colcon_core.shell.bat': Not used on non-Windows systems
[1.236s] INFO:colcon.colcon_core.shell:Creating environment hook '/home/dhruv/mapf_ws/install/bringup/share/bringup/hook/ament_prefix_path.ps1'
[1.240s] INFO:colcon.colcon_core.shell:Creating environment descriptor '/home/dhruv/mapf_ws/install/bringup/share/bringup/hook/ament_prefix_path.dsv'
[1.241s] INFO:colcon.colcon_core.shell:Creating environment hook '/home/dhruv/mapf_ws/install/bringup/share/bringup/hook/ament_prefix_path.sh'
[1.243s] INFO:colcon.colcon_core.shell:Skip shell extension 'powershell' for command environment: Not usable outside of PowerShell
[1.243s] DEBUG:colcon.colcon_core.shell:Skip shell extension 'dsv' for command environment
[1.249s] INFO:colcon.colcon_ros.task.ament_python.build:Building ROS package in '/home/dhruv/mapf_ws/src/mapf_planner' with build type 'ament_python'
[1.249s] Level 1:colcon.colcon_core.shell:create_environment_hook('mapf_planner', 'ament_prefix_path')
[1.249s] INFO:colcon.colcon_core.shell:Creating environment hook '/home/dhruv/mapf_ws/install/mapf_planner/share/mapf_planner/hook/ament_prefix_path.ps1'
[1.251s] INFO:colcon.colcon_core.shell:Creating environment descriptor '/home/dhruv/mapf_ws/install/mapf_planner/share/mapf_planner/hook/ament_prefix_path.dsv'
[1.252s] INFO:colcon.colcon_core.shell:Creating environment hook '/home/dhruv/mapf_ws/install/mapf_planner/share/mapf_planner/hook/ament_prefix_path.sh'
[1.253s] INFO:colcon.colcon_core.shell:Skip shell extension 'powershell' for command environment: Not usable outside of PowerShell
[1.253s] DEBUG:colcon.colcon_core.shell:Skip shell extension 'dsv' for command environment
[1.578s] INFO:colcon.colcon_core.task.python.build:Building Python package in '/home/dhruv/mapf_ws/src/bringup'
[1.578s] INFO:colcon.colcon_core.shell:Skip shell extension 'powershell' for command environment: Not usable outside of PowerShell
[1.578s] DEBUG:colcon.colcon_core.shell:Skip shell extension 'dsv' for command environment
[1.867s] INFO:colcon.colcon_core.task.python.build:Building Python package in '/home/dhruv/mapf_ws/src/mapf_planner'
[1.868s] INFO:colcon.colcon_core.shell:Skip shell extension 'powershell' for command environment: Not usable outside of PowerShell
[1.868s] DEBUG:colcon.colcon_core.shell:Skip shell extension 'dsv' for command environment
[2.583s] DEBUG:colcon.colcon_core.event_handler.log_command:Invoking command in '/home/dhruv/mapf_ws/src/mapf_planner': PYTHONPATH=/home/dhruv/mapf_ws/build/mapf_planner/prefix_override:/usr/lib/python3/dist-packages/colcon_core/task/python/colcon_distutils_commands:/home/dhruv/mapf_ws/install/mapf_planner/lib/python3.10/site-packages:${PYTHONPATH} /usr/bin/python3 -W ignore:setup.py install is deprecated -W ignore:easy_install command is deprecated setup.py egg_info --egg-base ../../build/mapf_planner build --build-base /home/dhruv/mapf_ws/build/mapf_planner/build install --record /home/dhruv/mapf_ws/build/mapf_planner/install.log --single-version-externally-managed install_data
[2.594s] DEBUG:colcon.colcon_core.event_handler.log_command:Invoking command in '/home/dhruv/mapf_ws/src/bringup': PYTHONPATH=/home/dhruv/mapf_ws/build/bringup/prefix_override:/usr/lib/python3/dist-packages/colcon_core/task/python/colcon_distutils_commands:/home/dhruv/mapf_ws/install/bringup/lib/python3.10/site-packages:${PYTHONPATH} /usr/bin/python3 -W ignore:setup.py install is deprecated -W ignore:easy_install command is deprecated setup.py egg_info --egg-base ../../build/bringup build --build-base /home/dhruv/mapf_ws/build/bringup/build install --record /home/dhruv/mapf_ws/build/bringup/install.log --single-version-externally-managed install_data
[2.970s] DEBUG:colcon.colcon_core.event_handler.log_command:Invoked command in '/home/dhruv/mapf_ws/src/bringup' returned '0': PYTHONPATH=/home/dhruv/mapf_ws/build/bringup/prefix_override:/usr/lib/python3/dist-packages/colcon_core/task/python/colcon_distutils_commands:/home/dhruv/mapf_ws/install/bringup/lib/python3.10/site-packages:${PYTHONPATH} /usr/bin/python3 -W ignore:setup.py install is deprecated -W ignore:easy_install command is deprecated setup.py egg_info --egg-base ../../build/bringup build --build-base /home/dhruv/mapf_ws/build/bringup/build install --record /home/dhruv/mapf_ws/build/bringup/install.log --single-version-externally-managed install_data
[2.982s] Level 1:colcon.colcon_core.environment:checking '/home/dhruv/mapf_ws/install/bringup' for CMake module files
[2.983s] Level 1:colcon.colcon_core.environment:checking '/home/dhruv/mapf_ws/install/bringup' for CMake config files
[2.985s] Level 1:colcon.colcon_core.environment:checking '/home/dhruv/mapf_ws/install/bringup/lib'
[2.985s] Level 1:colcon.colcon_core.environment:checking '/home/dhruv/mapf_ws/install/bringup/bin'
[2.986s] Level 1:colcon.colcon_core.environment:checking '/home/dhruv/mapf_ws/install/bringup/lib/pkgconfig/bringup.pc'
[2.986s] Level 1:colcon.colcon_core.environment:checking '/home/dhruv/mapf_ws/install/bringup/lib/python3.10/site-packages'
[2.986s] Level 1:colcon.colcon_core.shell:create_environment_hook('bringup', 'pythonpath')
[2.986s] INFO:colcon.colcon_core.shell:Creating environment hook '/home/dhruv/mapf_ws/install/bringup/share/bringup/hook/pythonpath.ps1'
[2.987s] INFO:colcon.colcon_core.shell:Creating environment descriptor '/home/dhruv/mapf_ws/install/bringup/share/bringup/hook/pythonpath.dsv'
[2.988s] INFO:colcon.colcon_core.shell:Creating environment hook '/home/dhruv/mapf_ws/install/bringup/share/bringup/hook/pythonpath.sh'
[2.989s] Level 1:colcon.colcon_core.environment:checking '/home/dhruv/mapf_ws/install/bringup/bin'
[2.989s] Level 1:colcon.colcon_core.environment:create_environment_scripts_only(bringup)
[2.989s] INFO:colcon.colcon_core.shell:Creating package script '/home/dhruv/mapf_ws/install/bringup/share/bringup/package.ps1'
[2.991s] INFO:colcon.colcon_core.shell:Creating package descriptor '/home/dhruv/mapf_ws/install/bringup/share/bringup/package.dsv'
[2.993s] INFO:colcon.colcon_core.shell:Creating package script '/home/dhruv/mapf_ws/install/bringup/share/bringup/package.sh'
[2.995s] INFO:colcon.colcon_core.shell:Creating package script '/home/dhruv/mapf_ws/install/bringup/share/bringup/package.bash'
[2.999s] INFO:colcon.colcon_core.shell:Creating package script '/home/dhruv/mapf_ws/install/bringup/share/bringup/package.zsh'
[3.001s] Level 1:colcon.colcon_core.environment:create_file_with_runtime_dependencies(/home/dhruv/mapf_ws/install/bringup/share/colcon-core/packages/bringup)
[3.006s] Level 1:colcon.colcon_core.environment:checking '/home/dhruv/mapf_ws/install/mapf_planner' for CMake module files
[3.006s] DEBUG:colcon.colcon_core.event_handler.log_command:Invoked command in '/home/dhruv/mapf_ws/src/mapf_planner' returned '0': PYTHONPATH=/home/dhruv/mapf_ws/build/mapf_planner/prefix_override:/usr/lib/python3/dist-packages/colcon_core/task/python/colcon_distutils_commands:/home/dhruv/mapf_ws/install/mapf_planner/lib/python3.10/site-packages:${PYTHONPATH} /usr/bin/python3 -W ignore:setup.py install is deprecated -W ignore:easy_install command is deprecated setup.py egg_info --egg-base ../../build/mapf_planner build --build-base /home/dhruv/mapf_ws/build/mapf_planner/build install --record /home/dhruv/mapf_ws/build/mapf_planner/install.log --single-version-externally-managed install_data
[3.007s] Level 1:colcon.colcon_core.environment:checking '/home/dhruv/mapf_ws/install/mapf_planner' for CMake config files
[3.008s] Level 1:colcon.colcon_core.environment:checking '/home/dhruv/mapf_ws/install/mapf_planner/lib'
[3.008s] Level 1:colcon.colcon_core.environment:checking '/home/dhruv/mapf_ws/install/mapf_planner/bin'
[3.008s] Level 1:colcon.colcon_core.environment:checking '/home/dhruv/mapf_ws/install/mapf_planner/lib/pkgconfig/mapf_planner.pc'
[3.008s] Level 1:colcon.colcon_core.environment:checking '/home/dhruv/mapf_ws/install/mapf_planner/lib/python3.10/site-packages'
[3.008s] Level 1:colcon.colcon_core.shell:create_environment_hook('mapf_planner', 'pythonpath')
[3.009s] INFO:colcon.colcon_core.shell:Creating environment hook '/home/dhruv/mapf_ws/install/mapf_planner/share/mapf_planner/hook/pythonpath.ps1'
[3.009s] INFO:colcon.colcon_core.shell:Creating environment descriptor '/home/dhruv/mapf_ws/install/mapf_planner/share/mapf_planner/hook/pythonpath.dsv'
[3.010s] INFO:colcon.colcon_core.shell:Creating environment hook '/home/dhruv/mapf_ws/install/mapf_planner/share/mapf_planner/hook/pythonpath.sh'
[3.011s] Level 1:colcon.colcon_core.environment:checking '/home/dhruv/mapf_ws/install/mapf_planner/bin'
[3.011s] Level 1:colcon.colcon_core.environment:create_environment_scripts_only(mapf_planner)
[3.011s] INFO:colcon.colcon_core.shell:Creating package script '/home/dhruv/mapf_ws/install/mapf_planner/share/mapf_planner/package.ps1'
[3.011s] INFO:colcon.colcon_core.shell:Creating package descriptor '/home/dhruv/mapf_ws/install/mapf_planner/share/mapf_planner/package.dsv'
[3.012s] INFO:colcon.colcon_core.shell:Creating package script '/home/dhruv/mapf_ws/install/mapf_planner/share/mapf_planner/package.sh'
[3.013s] INFO:colcon.colcon_core.shell:Creating package script '/home/dhruv/mapf_ws/install/mapf_planner/share/mapf_planner/package.bash'
[3.013s] INFO:colcon.colcon_core.shell:Creating package script '/home/dhruv/mapf_ws/install/mapf_planner/share/mapf_planner/package.zsh'
[3.013s] Level 1:colcon.colcon_core.environment:create_file_with_runtime_dependencies(/home/dhruv/mapf_ws/install/mapf_planner/share/colcon-core/packages/mapf_planner)
[3.014s] DEBUG:colcon.colcon_parallel_executor.executor.parallel:closing loop
[3.014s] DEBUG:colcon.colcon_parallel_executor.executor.parallel:loop closed
[3.014s] DEBUG:colcon.colcon_parallel_executor.executor.parallel:run_until_complete finished with '0'
[3.014s] DEBUG:colcon.colcon_core.event_reactor:joining thread
[3.029s] INFO:colcon.colcon_core.plugin_system:Skipping extension 'colcon_notification.desktop_notification.terminal_notifier': Not used on non-Darwin systems
[3.029s] INFO:colcon.colcon_core.plugin_system:Skipping extension 'colcon_notification.desktop_notification.win32': Not used on non-Windows systems
[3.029s] INFO:colcon.colcon_notification.desktop_notification:Sending desktop notification using 'notify2'
[3.315s] DEBUG:colcon.colcon_core.event_reactor:joined thread
[3.315s] INFO:colcon.colcon_core.shell:Creating prefix script '/home/dhruv/mapf_ws/install/local_setup.ps1'
[3.317s] INFO:colcon.colcon_core.shell:Creating prefix util module '/home/dhruv/mapf_ws/install/_local_setup_util_ps1.py'
[3.319s] INFO:colcon.colcon_core.shell:Creating prefix chain script '/home/dhruv/mapf_ws/install/setup.ps1'
[3.321s] INFO:colcon.colcon_core.shell:Creating prefix script '/home/dhruv/mapf_ws/install/local_setup.sh'
[3.322s] INFO:colcon.colcon_core.shell:Creating prefix util module '/home/dhruv/mapf_ws/install/_local_setup_util_sh.py'
[3.323s] INFO:colcon.colcon_core.shell:Creating prefix chain script '/home/dhruv/mapf_ws/install/setup.sh'
[3.325s] INFO:colcon.colcon_core.shell:Creating prefix script '/home/dhruv/mapf_ws/install/local_setup.bash'
[3.328s] INFO:colcon.colcon_core.shell:Creating prefix chain script '/home/dhruv/mapf_ws/install/setup.bash'
[3.331s] INFO:colcon.colcon_core.shell:Creating prefix script '/home/dhruv/mapf_ws/install/local_setup.zsh'
[3.333s] INFO:colcon.colcon_core.shell:Creating prefix chain script '/home/dhruv/mapf_ws/install/setup.zsh'
