[3.023s] Invoking command in '/home/dhruv/mapf_ws/src/robot_controller': PYTHONPATH=/home/dhruv/mapf_ws/build/robot_controller/prefix_override:/usr/lib/python3/dist-packages/colcon_core/task/python/colcon_distutils_commands:/home/dhruv/mapf_ws/install/robot_controller/lib/python3.10/site-packages:${PYTHONPATH} /usr/bin/python3 -W ignore:setup.py install is deprecated -W ignore:easy_install command is deprecated setup.py egg_info --egg-base ../../build/robot_controller build --build-base /home/dhruv/mapf_ws/build/robot_controller/build install --record /home/dhruv/mapf_ws/build/robot_controller/install.log --single-version-externally-managed install_data
[4.323s] running egg_info
[4.323s] creating ../../build/robot_controller/robot_controller.egg-info
[4.329s] writing ../../build/robot_controller/robot_controller.egg-info/PKG-INFO
[4.329s] writing dependency_links to ../../build/robot_controller/robot_controller.egg-info/dependency_links.txt
[4.329s] writing entry points to ../../build/robot_controller/robot_controller.egg-info/entry_points.txt
[4.329s] writing requirements to ../../build/robot_controller/robot_controller.egg-info/requires.txt
[4.329s] writing top-level names to ../../build/robot_controller/robot_controller.egg-info/top_level.txt
[4.329s] writing manifest file '../../build/robot_controller/robot_controller.egg-info/SOURCES.txt'
[4.329s] reading manifest file '../../build/robot_controller/robot_controller.egg-info/SOURCES.txt'
[4.329s] writing manifest file '../../build/robot_controller/robot_controller.egg-info/SOURCES.txt'
[4.330s] running build
[4.330s] running build_py
[4.331s] creating /home/dhruv/mapf_ws/build/robot_controller/build
[4.331s] creating /home/dhruv/mapf_ws/build/robot_controller/build/lib
[4.332s] creating /home/dhruv/mapf_ws/build/robot_controller/build/lib/robot_controller
[4.332s] copying robot_controller/__init__.py -> /home/dhruv/mapf_ws/build/robot_controller/build/lib/robot_controller
[4.332s] copying robot_controller/path_follower.py -> /home/dhruv/mapf_ws/build/robot_controller/build/lib/robot_controller
[4.333s] running install
[4.333s] running install_lib
[4.338s] creating /home/dhruv/mapf_ws/install/robot_controller/lib/python3.10/site-packages/robot_controller
[4.339s] copying /home/dhruv/mapf_ws/build/robot_controller/build/lib/robot_controller/__init__.py -> /home/dhruv/mapf_ws/install/robot_controller/lib/python3.10/site-packages/robot_controller
[4.339s] copying /home/dhruv/mapf_ws/build/robot_controller/build/lib/robot_controller/path_follower.py -> /home/dhruv/mapf_ws/install/robot_controller/lib/python3.10/site-packages/robot_controller
[4.340s] byte-compiling /home/dhruv/mapf_ws/install/robot_controller/lib/python3.10/site-packages/robot_controller/__init__.py to __init__.cpython-310.pyc
[4.353s] byte-compiling /home/dhruv/mapf_ws/install/robot_controller/lib/python3.10/site-packages/robot_controller/path_follower.py to path_follower.cpython-310.pyc
[4.354s] running install_data
[4.354s] creating /home/dhruv/mapf_ws/install/robot_controller/share/ament_index
[4.354s] creating /home/dhruv/mapf_ws/install/robot_controller/share/ament_index/resource_index
[4.354s] creating /home/dhruv/mapf_ws/install/robot_controller/share/ament_index/resource_index/packages
[4.354s] copying resource/robot_controller -> /home/dhruv/mapf_ws/install/robot_controller/share/ament_index/resource_index/packages
[4.354s] copying package.xml -> /home/dhruv/mapf_ws/install/robot_controller/share/robot_controller
[4.354s] running install_egg_info
[4.354s] Copying ../../build/robot_controller/robot_controller.egg-info to /home/dhruv/mapf_ws/install/robot_controller/lib/python3.10/site-packages/robot_controller-0.0.0-py3.10.egg-info
[4.362s] running install_scripts
[4.412s] Installing path_follower script to /home/dhruv/mapf_ws/install/robot_controller/lib/robot_controller
[4.415s] writing list of installed files to '/home/dhruv/mapf_ws/build/robot_controller/install.log'
[5.199s] Invoked command in '/home/dhruv/mapf_ws/src/robot_controller' returned '0': PYTHONPATH=/home/dhruv/mapf_ws/build/robot_controller/prefix_override:/usr/lib/python3/dist-packages/colcon_core/task/python/colcon_distutils_commands:/home/dhruv/mapf_ws/install/robot_controller/lib/python3.10/site-packages:${PYTHONPATH} /usr/bin/python3 -W ignore:setup.py install is deprecated -W ignore:easy_install command is deprecated setup.py egg_info --egg-base ../../build/robot_controller build --build-base /home/dhruv/mapf_ws/build/robot_controller/build install --record /home/dhruv/mapf_ws/build/robot_controller/install.log --single-version-externally-managed install_data
