[2.975s] Invoking command in '/home/dhruv/mapf_ws/src/task_allocator': PYTHONPATH=/home/dhruv/mapf_ws/build/task_allocator/prefix_override:/usr/lib/python3/dist-packages/colcon_core/task/python/colcon_distutils_commands:/home/dhruv/mapf_ws/install/task_allocator/lib/python3.10/site-packages:${PYTHONPATH} /usr/bin/python3 -W ignore:setup.py install is deprecated -W ignore:easy_install command is deprecated setup.py egg_info --egg-base ../../build/task_allocator build --build-base /home/dhruv/mapf_ws/build/task_allocator/build install --record /home/dhruv/mapf_ws/build/task_allocator/install.log --single-version-externally-managed install_data
[4.159s] running egg_info
[4.159s] creating ../../build/task_allocator/task_allocator.egg-info
[4.159s] writing ../../build/task_allocator/task_allocator.egg-info/PKG-INFO
[4.159s] writing dependency_links to ../../build/task_allocator/task_allocator.egg-info/dependency_links.txt
[4.159s] writing entry points to ../../build/task_allocator/task_allocator.egg-info/entry_points.txt
[4.159s] writing requirements to ../../build/task_allocator/task_allocator.egg-info/requires.txt
[4.159s] writing top-level names to ../../build/task_allocator/task_allocator.egg-info/top_level.txt
[4.159s] writing manifest file '../../build/task_allocator/task_allocator.egg-info/SOURCES.txt'
[4.167s] reading manifest file '../../build/task_allocator/task_allocator.egg-info/SOURCES.txt'
[4.167s] writing manifest file '../../build/task_allocator/task_allocator.egg-info/SOURCES.txt'
[4.167s] running build
[4.167s] running build_py
[4.167s] creating /home/dhruv/mapf_ws/build/task_allocator/build
[4.171s] creating /home/dhruv/mapf_ws/build/task_allocator/build/lib
[4.172s] creating /home/dhruv/mapf_ws/build/task_allocator/build/lib/task_allocator
[4.172s] copying task_allocator/allocator.py -> /home/dhruv/mapf_ws/build/task_allocator/build/lib/task_allocator
[4.172s] copying task_allocator/__init__.py -> /home/dhruv/mapf_ws/build/task_allocator/build/lib/task_allocator
[4.172s] running install
[4.172s] running install_lib
[4.176s] creating /home/dhruv/mapf_ws/install/task_allocator/lib/python3.10/site-packages/task_allocator
[4.176s] copying /home/dhruv/mapf_ws/build/task_allocator/build/lib/task_allocator/allocator.py -> /home/dhruv/mapf_ws/install/task_allocator/lib/python3.10/site-packages/task_allocator
[4.176s] copying /home/dhruv/mapf_ws/build/task_allocator/build/lib/task_allocator/__init__.py -> /home/dhruv/mapf_ws/install/task_allocator/lib/python3.10/site-packages/task_allocator
[4.176s] byte-compiling /home/dhruv/mapf_ws/install/task_allocator/lib/python3.10/site-packages/task_allocator/allocator.py to allocator.cpython-310.pyc
[4.180s] byte-compiling /home/dhruv/mapf_ws/install/task_allocator/lib/python3.10/site-packages/task_allocator/__init__.py to __init__.cpython-310.pyc
[4.181s] running install_data
[4.181s] creating /home/dhruv/mapf_ws/install/task_allocator/share/ament_index
[4.186s] creating /home/dhruv/mapf_ws/install/task_allocator/share/ament_index/resource_index
[4.186s] creating /home/dhruv/mapf_ws/install/task_allocator/share/ament_index/resource_index/packages
[4.186s] copying resource/task_allocator -> /home/dhruv/mapf_ws/install/task_allocator/share/ament_index/resource_index/packages
[4.186s] copying package.xml -> /home/dhruv/mapf_ws/install/task_allocator/share/task_allocator
[4.186s] running install_egg_info
[4.188s] Copying ../../build/task_allocator/task_allocator.egg-info to /home/dhruv/mapf_ws/install/task_allocator/lib/python3.10/site-packages/task_allocator-0.0.0-py3.10.egg-info
[4.194s] running install_scripts
[4.230s] Installing task_allocator script to /home/dhruv/mapf_ws/install/task_allocator/lib/task_allocator
[4.230s] writing list of installed files to '/home/dhruv/mapf_ws/build/task_allocator/install.log'
[4.353s] Invoked command in '/home/dhruv/mapf_ws/src/task_allocator' returned '0': PYTHONPATH=/home/dhruv/mapf_ws/build/task_allocator/prefix_override:/usr/lib/python3/dist-packages/colcon_core/task/python/colcon_distutils_commands:/home/dhruv/mapf_ws/install/task_allocator/lib/python3.10/site-packages:${PYTHONPATH} /usr/bin/python3 -W ignore:setup.py install is deprecated -W ignore:easy_install command is deprecated setup.py egg_info --egg-base ../../build/task_allocator build --build-base /home/dhruv/mapf_ws/build/task_allocator/build install --record /home/dhruv/mapf_ws/build/task_allocator/install.log --single-version-externally-managed install_data
