[1.867s] Invoking command in '/home/dhruv/mapf_ws/src/warehouse_gazebo': PYTHONPATH=/home/dhruv/mapf_ws/build/warehouse_gazebo/prefix_override:/usr/lib/python3/dist-packages/colcon_core/task/python/colcon_distutils_commands:/home/dhruv/mapf_ws/install/warehouse_gazebo/lib/python3.10/site-packages:${PYTHONPATH} /usr/bin/python3 -W ignore:setup.py install is deprecated -W ignore:easy_install command is deprecated setup.py egg_info --egg-base ../../build/warehouse_gazebo build --build-base /home/dhruv/mapf_ws/build/warehouse_gazebo/build install --record /home/dhruv/mapf_ws/build/warehouse_gazebo/install.log --single-version-externally-managed install_data
[2.224s] running egg_info
[2.227s] writing ../../build/warehouse_gazebo/warehouse_gazebo.egg-info/PKG-INFO
[2.231s] writing dependency_links to ../../build/warehouse_gazebo/warehouse_gazebo.egg-info/dependency_links.txt
[2.232s] writing entry points to ../../build/warehouse_gazebo/warehouse_gazebo.egg-info/entry_points.txt
[2.232s] writing requirements to ../../build/warehouse_gazebo/warehouse_gazebo.egg-info/requires.txt
[2.233s] writing top-level names to ../../build/warehouse_gazebo/warehouse_gazebo.egg-info/top_level.txt
[2.238s] reading manifest file '../../build/warehouse_gazebo/warehouse_gazebo.egg-info/SOURCES.txt'
[2.240s] writing manifest file '../../build/warehouse_gazebo/warehouse_gazebo.egg-info/SOURCES.txt'
[2.241s] running build
[2.241s] running build_py
[2.243s] running install
[2.244s] running install_lib
[2.246s] running install_data
[2.249s] copying worlds/smart_warehouse.world -> /home/dhruv/mapf_ws/install/warehouse_gazebo/share/warehouse_gazebo/worlds
[2.250s] running install_egg_info
[2.253s] removing '/home/dhruv/mapf_ws/install/warehouse_gazebo/lib/python3.10/site-packages/warehouse_gazebo-0.0.0-py3.10.egg-info' (and everything under it)
[2.256s] Copying ../../build/warehouse_gazebo/warehouse_gazebo.egg-info to /home/dhruv/mapf_ws/install/warehouse_gazebo/lib/python3.10/site-packages/warehouse_gazebo-0.0.0-py3.10.egg-info
[2.258s] running install_scripts
[2.285s] writing list of installed files to '/home/dhruv/mapf_ws/build/warehouse_gazebo/install.log'
[2.351s] Invoked command in '/home/dhruv/mapf_ws/src/warehouse_gazebo' returned '0': PYTHONPATH=/home/dhruv/mapf_ws/build/warehouse_gazebo/prefix_override:/usr/lib/python3/dist-packages/colcon_core/task/python/colcon_distutils_commands:/home/dhruv/mapf_ws/install/warehouse_gazebo/lib/python3.10/site-packages:${PYTHONPATH} /usr/bin/python3 -W ignore:setup.py install is deprecated -W ignore:easy_install command is deprecated setup.py egg_info --egg-base ../../build/warehouse_gazebo build --build-base /home/dhruv/mapf_ws/build/warehouse_gazebo/build install --record /home/dhruv/mapf_ws/build/warehouse_gazebo/install.log --single-version-externally-managed install_data
