[1.199s] Invoking command in '/home/dhruv/mapf_ws/src/mapf_planner': PYTHONPATH=/home/dhruv/mapf_ws/build/mapf_planner/prefix_override:/usr/lib/python3/dist-packages/colcon_core/task/python/colcon_distutils_commands:/home/dhruv/mapf_ws/install/mapf_planner/lib/python3.10/site-packages:${PYTHONPATH} /usr/bin/python3 -W ignore:setup.py install is deprecated -W ignore:easy_install command is deprecated setup.py egg_info --egg-base ../../build/mapf_planner build --build-base /home/dhruv/mapf_ws/build/mapf_planner/build install --record /home/dhruv/mapf_ws/build/mapf_planner/install.log --single-version-externally-managed install_data
[1.466s] running egg_info
[1.467s] writing ../../build/mapf_planner/mapf_planner.egg-info/PKG-INFO
[1.478s] writing dependency_links to ../../build/mapf_planner/mapf_planner.egg-info/dependency_links.txt
[1.478s] writing entry points to ../../build/mapf_planner/mapf_planner.egg-info/entry_points.txt
[1.478s] writing requirements to ../../build/mapf_planner/mapf_planner.egg-info/requires.txt
[1.478s] writing top-level names to ../../build/mapf_planner/mapf_planner.egg-info/top_level.txt
[1.482s] reading manifest file '../../build/mapf_planner/mapf_planner.egg-info/SOURCES.txt'
[1.483s] writing manifest file '../../build/mapf_planner/mapf_planner.egg-info/SOURCES.txt'
[1.483s] running build
[1.483s] running build_py
[1.485s] copying mapf_planner/planner.py -> /home/dhruv/mapf_ws/build/mapf_planner/build/lib/mapf_planner
[1.485s] running install
[1.485s] running install_lib
[1.487s] copying /home/dhruv/mapf_ws/build/mapf_planner/build/lib/mapf_planner/planner.py -> /home/dhruv/mapf_ws/install/mapf_planner/lib/python3.10/site-packages/mapf_planner
[1.488s] byte-compiling /home/dhruv/mapf_ws/install/mapf_planner/lib/python3.10/site-packages/mapf_planner/planner.py to planner.cpython-310.pyc
[1.493s] running install_data
[1.493s] running install_egg_info
[1.495s] removing '/home/dhruv/mapf_ws/install/mapf_planner/lib/python3.10/site-packages/mapf_planner-0.0.0-py3.10.egg-info' (and everything under it)
[1.495s] Copying ../../build/mapf_planner/mapf_planner.egg-info to /home/dhruv/mapf_ws/install/mapf_planner/lib/python3.10/site-packages/mapf_planner-0.0.0-py3.10.egg-info
[1.498s] running install_scripts
[1.527s] Installing mapf_planner script to /home/dhruv/mapf_ws/install/mapf_planner/lib/mapf_planner
[1.532s] writing list of installed files to '/home/dhruv/mapf_ws/build/mapf_planner/install.log'
[1.592s] Invoked command in '/home/dhruv/mapf_ws/src/mapf_planner' returned '0': PYTHONPATH=/home/dhruv/mapf_ws/build/mapf_planner/prefix_override:/usr/lib/python3/dist-packages/colcon_core/task/python/colcon_distutils_commands:/home/dhruv/mapf_ws/install/mapf_planner/lib/python3.10/site-packages:${PYTHONPATH} /usr/bin/python3 -W ignore:setup.py install is deprecated -W ignore:easy_install command is deprecated setup.py egg_info --egg-base ../../build/mapf_planner build --build-base /home/dhruv/mapf_ws/build/mapf_planner/build install --record /home/dhruv/mapf_ws/build/mapf_planner/install.log --single-version-externally-managed install_data
