[1.332s] Invoking command in '/home/dhruv/mapf_ws/src/mapf_planner': PYTHONPATH=/home/dhruv/mapf_ws/build/mapf_planner/prefix_override:/usr/lib/python3/dist-packages/colcon_core/task/python/colcon_distutils_commands:/home/dhruv/mapf_ws/install/mapf_planner/lib/python3.10/site-packages:${PYTHONPATH} /usr/bin/python3 -W ignore:setup.py install is deprecated -W ignore:easy_install command is deprecated setup.py egg_info --egg-base ../../build/mapf_planner build --build-base /home/dhruv/mapf_ws/build/mapf_planner/build install --record /home/dhruv/mapf_ws/build/mapf_planner/install.log --single-version-externally-managed install_data
[1.622s] running egg_info
[1.624s] writing ../../build/mapf_planner/mapf_planner.egg-info/PKG-INFO
[1.625s] writing dependency_links to ../../build/mapf_planner/mapf_planner.egg-info/dependency_links.txt
[1.625s] writing entry points to ../../build/mapf_planner/mapf_planner.egg-info/entry_points.txt
[1.625s] writing requirements to ../../build/mapf_planner/mapf_planner.egg-info/requires.txt
[1.625s] writing top-level names to ../../build/mapf_planner/mapf_planner.egg-info/top_level.txt
[1.632s] reading manifest file '../../build/mapf_planner/mapf_planner.egg-info/SOURCES.txt'
[1.634s] writing manifest file '../../build/mapf_planner/mapf_planner.egg-info/SOURCES.txt'
[1.634s] running build
[1.634s] running build_py
[1.635s] copying mapf_planner/planner.py -> /home/dhruv/mapf_ws/build/mapf_planner/build/lib/mapf_planner
[1.636s] running install
[1.636s] running install_lib
[1.638s] copying /home/dhruv/mapf_ws/build/mapf_planner/build/lib/mapf_planner/planner.py -> /home/dhruv/mapf_ws/install/mapf_planner/lib/python3.10/site-packages/mapf_planner
[1.638s] byte-compiling /home/dhruv/mapf_ws/install/mapf_planner/lib/python3.10/site-packages/mapf_planner/planner.py to planner.cpython-310.pyc
[1.645s] running install_data
[1.646s] creating /home/dhruv/mapf_ws/install/mapf_planner/share/mapf_planner/config
[1.647s] copying config/aco_params.yaml -> /home/dhruv/mapf_ws/install/mapf_planner/share/mapf_planner/config
[1.648s] running install_egg_info
[1.651s] removing '/home/dhruv/mapf_ws/install/mapf_planner/lib/python3.10/site-packages/mapf_planner-0.0.0-py3.10.egg-info' (and everything under it)
[1.657s] Copying ../../build/mapf_planner/mapf_planner.egg-info to /home/dhruv/mapf_ws/install/mapf_planner/lib/python3.10/site-packages/mapf_planner-0.0.0-py3.10.egg-info
[1.657s] running install_scripts
[1.686s] Installing mapf_planner script to /home/dhruv/mapf_ws/install/mapf_planner/lib/mapf_planner
[1.687s] writing list of installed files to '/home/dhruv/mapf_ws/build/mapf_planner/install.log'
[1.756s] Invoked command in '/home/dhruv/mapf_ws/src/mapf_planner' returned '0': PYTHONPATH=/home/dhruv/mapf_ws/build/mapf_planner/prefix_override:/usr/lib/python3/dist-packages/colcon_core/task/python/colcon_distutils_commands:/home/dhruv/mapf_ws/install/mapf_planner/lib/python3.10/site-packages:${PYTHONPATH} /usr/bin/python3 -W ignore:setup.py install is deprecated -W ignore:easy_install command is deprecated setup.py egg_info --egg-base ../../build/mapf_planner build --build-base /home/dhruv/mapf_ws/build/mapf_planner/build install --record /home/dhruv/mapf_ws/build/mapf_planner/install.log --single-version-externally-managed install_data
