[1.875s] Invoking command in '/home/dhruv/mapf_ws/src/mapf_planner': PYTHONPATH=/home/dhruv/mapf_ws/build/mapf_planner/prefix_override:/usr/lib/python3/dist-packages/colcon_core/task/python/colcon_distutils_commands:/home/dhruv/mapf_ws/install/mapf_planner/lib/python3.10/site-packages:${PYTHONPATH} /usr/bin/python3 -W ignore:setup.py install is deprecated -W ignore:easy_install command is deprecated setup.py egg_info --egg-base ../../build/mapf_planner build --build-base /home/dhruv/mapf_ws/build/mapf_planner/build install --record /home/dhruv/mapf_ws/build/mapf_planner/install.log --single-version-externally-managed install_data
[2.164s] running egg_info
[2.165s] writing ../../build/mapf_planner/mapf_planner.egg-info/PKG-INFO
[2.167s] writing dependency_links to ../../build/mapf_planner/mapf_planner.egg-info/dependency_links.txt
[2.167s] writing entry points to ../../build/mapf_planner/mapf_planner.egg-info/entry_points.txt
[2.167s] writing requirements to ../../build/mapf_planner/mapf_planner.egg-info/requires.txt
[2.167s] writing top-level names to ../../build/mapf_planner/mapf_planner.egg-info/top_level.txt
[2.173s] reading manifest file '../../build/mapf_planner/mapf_planner.egg-info/SOURCES.txt'
[2.175s] writing manifest file '../../build/mapf_planner/mapf_planner.egg-info/SOURCES.txt'
[2.176s] running build
[2.176s] running build_py
[2.177s] copying mapf_planner/planner.py -> /home/dhruv/mapf_ws/build/mapf_planner/build/lib/mapf_planner
[2.178s] running install
[2.178s] running install_lib
[2.181s] copying /home/dhruv/mapf_ws/build/mapf_planner/build/lib/mapf_planner/planner.py -> /home/dhruv/mapf_ws/install/mapf_planner/lib/python3.10/site-packages/mapf_planner
[2.181s] byte-compiling /home/dhruv/mapf_ws/install/mapf_planner/lib/python3.10/site-packages/mapf_planner/planner.py to planner.cpython-310.pyc
[2.188s] running install_data
[2.190s] copying config/aco_params.yaml -> /home/dhruv/mapf_ws/install/mapf_planner/share/mapf_planner/config
[2.191s] running install_egg_info
[2.194s] removing '/home/dhruv/mapf_ws/install/mapf_planner/lib/python3.10/site-packages/mapf_planner-0.0.0-py3.10.egg-info' (and everything under it)
[2.196s] Copying ../../build/mapf_planner/mapf_planner.egg-info to /home/dhruv/mapf_ws/install/mapf_planner/lib/python3.10/site-packages/mapf_planner-0.0.0-py3.10.egg-info
[2.209s] running install_scripts
[2.257s] Installing mapf_planner script to /home/dhruv/mapf_ws/install/mapf_planner/lib/mapf_planner
[2.259s] writing list of installed files to '/home/dhruv/mapf_ws/build/mapf_planner/install.log'
[2.323s] Invoked command in '/home/dhruv/mapf_ws/src/mapf_planner' returned '0': PYTHONPATH=/home/dhruv/mapf_ws/build/mapf_planner/prefix_override:/usr/lib/python3/dist-packages/colcon_core/task/python/colcon_distutils_commands:/home/dhruv/mapf_ws/install/mapf_planner/lib/python3.10/site-packages:${PYTHONPATH} /usr/bin/python3 -W ignore:setup.py install is deprecated -W ignore:easy_install command is deprecated setup.py egg_info --egg-base ../../build/mapf_planner build --build-base /home/dhruv/mapf_ws/build/mapf_planner/build install --record /home/dhruv/mapf_ws/build/mapf_planner/install.log --single-version-externally-managed install_data
