[1.878s] Invoking command in '/home/dhruv/mapf_ws/src/bringup': PYTHONPATH=/home/dhruv/mapf_ws/build/bringup/prefix_override:/usr/lib/python3/dist-packages/colcon_core/task/python/colcon_distutils_commands:/home/dhruv/mapf_ws/install/bringup/lib/python3.10/site-packages:${PYTHONPATH} /usr/bin/python3 -W ignore:setup.py install is deprecated -W ignore:easy_install command is deprecated setup.py egg_info --egg-base ../../build/bringup build --build-base /home/dhruv/mapf_ws/build/bringup/build install --record /home/dhruv/mapf_ws/build/bringup/install.log --single-version-externally-managed install_data
[2.160s] running egg_info
[2.161s] writing ../../build/bringup/bringup.egg-info/PKG-INFO
[2.162s] writing dependency_links to ../../build/bringup/bringup.egg-info/dependency_links.txt
[2.164s] writing entry points to ../../build/bringup/bringup.egg-info/entry_points.txt
[2.164s] writing requirements to ../../build/bringup/bringup.egg-info/requires.txt
[2.164s] writing top-level names to ../../build/bringup/bringup.egg-info/top_level.txt
[2.169s] reading manifest file '../../build/bringup/bringup.egg-info/SOURCES.txt'
[2.171s] writing manifest file '../../build/bringup/bringup.egg-info/SOURCES.txt'
[2.171s] running build
[2.172s] running build_py
[2.173s] running install
[2.175s] running install_lib
[2.180s] running install_data
[2.180s] copying launch/full_system.launch.py -> /home/dhruv/mapf_ws/install/bringup/share/bringup/launch
[2.181s] running install_egg_info
[2.184s] removing '/home/dhruv/mapf_ws/install/bringup/lib/python3.10/site-packages/bringup-0.0.0-py3.10.egg-info' (and everything under it)
[2.185s] Copying ../../build/bringup/bringup.egg-info to /home/dhruv/mapf_ws/install/bringup/lib/python3.10/site-packages/bringup-0.0.0-py3.10.egg-info
[2.189s] running install_scripts
[2.223s] writing list of installed files to '/home/dhruv/mapf_ws/build/bringup/install.log'
[2.276s] Invoked command in '/home/dhruv/mapf_ws/src/bringup' returned '0': PYTHONPATH=/home/dhruv/mapf_ws/build/bringup/prefix_override:/usr/lib/python3/dist-packages/colcon_core/task/python/colcon_distutils_commands:/home/dhruv/mapf_ws/install/bringup/lib/python3.10/site-packages:${PYTHONPATH} /usr/bin/python3 -W ignore:setup.py install is deprecated -W ignore:easy_install command is deprecated setup.py egg_info --egg-base ../../build/bringup build --build-base /home/dhruv/mapf_ws/build/bringup/build install --record /home/dhruv/mapf_ws/build/bringup/install.log --single-version-externally-managed install_data
