[0.674s] DEBUG:colcon:Command line arguments: ['/usr/bin/colcon', 'build', '--packages-select', 'mapf_planner', 'warehouse_gazebo', 'bringup']
[0.674s] DEBUG:colcon:Parsed command line arguments: Namespace(log_base=None, log_level=None, verb_name='build', build_base='build', install_base='install', merge_install=False, symlink_install=False, test_result_base=None, continue_on_error=False, executor='parallel', parallel_workers=4, event_handlers=None, ignore_user_meta=False, metas=['./colcon.meta'], base_paths=['.'], packages_ignore=None, packages_ignore_regex=None, paths=None, packages_up_to=None, packages_up_to_regex=None, packages_above=None, packages_above_and_dependencies=None, packages_above_depth=None, packages_select_by_dep=None, packages_skip_by_dep=None, packages_skip_up_to=None, packages_select_build_failed=False, packages_skip_build_finished=False, packages_select_test_failures=False, packages_skip_test_passed=False, packages_select=['mapf_planner', 'warehouse_gazebo', 'bringup'], packages_skip=None, packages_select_regex=None, packages_skip_regex=None, packages_start=None, packages_end=None, allow_overriding=[], cmake_args=None, cmake_target=None, cmake_target_skip_unavailable=False, cmake_clean_cache=False, cmake_clean_first=False, cmake_force_configure=False, ament_cmake_args=None, catkin_cmake_args=None, catkin_skip_building_tests=False, verb_parser=<colcon_defaults.argument_parser.defaults.DefaultArgumentsDecorator object at 0x77f8275cd7e0>, verb_extension=<colcon_core.verb.build.BuildVerb object at 0x77f8277be4d0>, main=<bound method BuildVerb.main of <colcon_core.verb.build.BuildVerb object at 0x77f8277be4d0>>)
[1.130s] Level 1:colcon.colcon_core.package_discovery:discover_packages(colcon_meta) check parameters
[1.130s] Level 1:colcon.colcon_core.package_discovery:discover_packages(recursive) check parameters
[1.130s] Level 1:colcon.colcon_core.package_discovery:discover_packages(ignore) check parameters
[1.130s] Level 1:colcon.colcon_core.package_discovery:discover_packages(path) check parameters
[1.130s] Level 1:colcon.colcon_core.package_discovery:discover_packages(colcon_meta) discover
[1.130s] Level 1:colcon.colcon_core.package_discovery:discover_packages(recursive) discover
[1.130s] INFO:colcon.colcon_core.package_discovery:Crawling recursively for packages in '/home/dhruv/mapf_ws'
[1.131s] Level 1:colcon.colcon_core.package_identification:_identify(.) by extensions ['ignore', 'ignore_ament_install']
[1.131s] Level 1:colcon.colcon_core.package_identification:_identify(.) by extension 'ignore'
[1.131s] Level 1:colcon.colcon_core.package_identification:_identify(.) by extension 'ignore_ament_install'
[1.131s] Level 1:colcon.colcon_core.package_identification:_identify(.) by extensions ['colcon_pkg']
[1.131s] Level 1:colcon.colcon_core.package_identification:_identify(.) by extension 'colcon_pkg'
[1.131s] Level 1:colcon.colcon_core.package_identification:_identify(.) by extensions ['colcon_meta']
[1.131s] Level 1:colcon.colcon_core.package_identification:_identify(.) by extension 'colcon_meta'
[1.131s] Level 1:colcon.colcon_core.package_identification:_identify(.) by extensions ['ros']
[1.131s] Level 1:colcon.colcon_core.package_identification:_identify(.) by extension 'ros'
[1.155s] Level 1:colcon.colcon_core.package_identification:_identify(.) by extensions ['cmake', 'python']
[1.156s] Level 1:colcon.colcon_core.package_identification:_identify(.) by extension 'cmake'
[1.156s] Level 1:colcon.colcon_core.package_identification:_identify(.) by extension 'python'
[1.156s] Level 1:colcon.colcon_core.package_identification:_identify(.) by extensions ['python_setup_py']
[1.156s] Level 1:colcon.colcon_core.package_identification:_identify(.) by extension 'python_setup_py'
[1.156s] Level 1:colcon.colcon_core.package_identification:_identify(build) by extensions ['ignore', 'ignore_ament_install']
[1.156s] Level 1:colcon.colcon_core.package_identification:_identify(build) by extension 'ignore'
[1.156s] Level 1:colcon.colcon_core.package_identification:_identify(build) ignored
[1.156s] Level 1:colcon.colcon_core.package_identification:_identify(install) by extensions ['ignore', 'ignore_ament_install']
[1.156s] Level 1:colcon.colcon_core.package_identification:_identify(install) by extension 'ignore'
[1.156s] Level 1:colcon.colcon_core.package_identification:_identify(install) ignored
[1.156s] Level 1:colcon.colcon_core.package_identification:_identify(log) by extensions ['ignore', 'ignore_ament_install']
[1.156s] Level 1:colcon.colcon_core.package_identification:_identify(log) by extension 'ignore'
[1.156s] Level 1:colcon.colcon_core.package_identification:_identify(log) ignored
[1.156s] Level 1:colcon.colcon_core.package_identification:_identify(src) by extensions ['ignore', 'ignore_ament_install']
[1.157s] Level 1:colcon.colcon_core.package_identification:_identify(src) by extension 'ignore'
[1.157s] Level 1:colcon.colcon_core.package_identification:_identify(src) by extension 'ignore_ament_install'
[1.157s] Level 1:colcon.colcon_core.package_identification:_identify(src) by extensions ['colcon_pkg']
[1.157s] Level 1:colcon.colcon_core.package_identification:_identify(src) by extension 'colcon_pkg'
[1.157s] Level 1:colcon.colcon_core.package_identification:_identify(src) by extensions ['colcon_meta']
[1.157s] Level 1:colcon.colcon_core.package_identification:_identify(src) by extension 'colcon_meta'
[1.157s] Level 1:colcon.colcon_core.package_identification:_identify(src) by extensions ['ros']
[1.157s] Level 1:colcon.colcon_core.package_identification:_identify(src) by extension 'ros'
[1.157s] Level 1:colcon.colcon_core.package_identification:_identify(src) by extensions ['cmake', 'python']
[1.157s] Level 1:colcon.colcon_core.package_identification:_identify(src) by extension 'cmake'
[1.157s] Level 1:colcon.colcon_core.package_identification:_identify(src) by extension 'python'
[1.157s] Level 1:colcon.colcon_core.package_identification:_identify(src) by extensions ['python_setup_py']
[1.157s] Level 1:colcon.colcon_core.package_identification:_identify(src) by extension 'python_setup_py'
[1.158s] Level 1:colcon.colcon_core.package_identification:_identify(src/bringup) by extensions ['ignore', 'ignore_ament_install']
[1.158s] Level 1:colcon.colcon_core.package_identification:_identify(src/bringup) by extension 'ignore'
[1.158s] Level 1:colcon.colcon_core.package_identification:_identify(src/bringup) by extension 'ignore_ament_install'
[1.158s] Level 1:colcon.colcon_core.package_identification:_identify(src/bringup) by extensions ['colcon_pkg']
[1.158s] Level 1:colcon.colcon_core.package_identification:_identify(src/bringup) by extension 'colcon_pkg'
[1.158s] Level 1:colcon.colcon_core.package_identification:_identify(src/bringup) by extensions ['colcon_meta']
[1.159s] Level 1:colcon.colcon_core.package_identification:_identify(src/bringup) by extension 'colcon_meta'
[1.159s] Level 1:colcon.colcon_core.package_identification:_identify(src/bringup) by extensions ['ros']
[1.159s] Level 1:colcon.colcon_core.package_identification:_identify(src/bringup) by extension 'ros'
[1.166s] DEBUG:colcon.colcon_core.package_identification:Package 'src/bringup' with type 'ros.ament_python' and name 'bringup'
[1.166s] Level 1:colcon.colcon_core.package_identification:_identify(src/mapf_planner) by extensions ['ignore', 'ignore_ament_install']
[1.166s] Level 1:colcon.colcon_core.package_identification:_identify(src/mapf_planner) by extension 'ignore'
[1.167s] Level 1:colcon.colcon_core.package_identification:_identify(src/mapf_planner) by extension 'ignore_ament_install'
[1.167s] Level 1:colcon.colcon_core.package_identification:_identify(src/mapf_planner) by extensions ['colcon_pkg']
[1.167s] Level 1:colcon.colcon_core.package_identification:_identify(src/mapf_planner) by extension 'colcon_pkg'
[1.167s] Level 1:colcon.colcon_core.package_identification:_identify(src/mapf_planner) by extensions ['colcon_meta']
[1.167s] Level 1:colcon.colcon_core.package_identification:_identify(src/mapf_planner) by extension 'colcon_meta'
[1.167s] Level 1:colcon.colcon_core.package_identification:_identify(src/mapf_planner) by extensions ['ros']
[1.167s] Level 1:colcon.colcon_core.package_identification:_identify(src/mapf_planner) by extension 'ros'
[1.169s] DEBUG:colcon.colcon_core.package_identification:Package 'src/mapf_planner' with type 'ros.ament_python' and name 'mapf_planner'
[1.169s] Level 1:colcon.colcon_core.package_identification:_identify(src/robot_controller) by extensions ['ignore', 'ignore_ament_install']
[1.169s] Level 1:colcon.colcon_core.package_identification:_identify(src/robot_controller) by extension 'ignore'
[1.169s] Level 1:colcon.colcon_core.package_identification:_identify(src/robot_controller) by extension 'ignore_ament_install'
[1.169s] Level 1:colcon.colcon_core.package_identification:_identify(src/robot_controller) by extensions ['colcon_pkg']
[1.169s] Level 1:colcon.colcon_core.package_identification:_identify(src/robot_controller) by extension 'colcon_pkg'
[1.169s] Level 1:colcon.colcon_core.package_identification:_identify(src/robot_controller) by extensions ['colcon_meta']
[1.169s] Level 1:colcon.colcon_core.package_identification:_identify(src/robot_controller) by extension 'colcon_meta'
[1.169s] Level 1:colcon.colcon_core.package_identification:_identify(src/robot_controller) by extensions ['ros']
[1.169s] Level 1:colcon.colcon_core.package_identification:_identify(src/robot_controller) by extension 'ros'
[1.171s] DEBUG:colcon.colcon_core.package_identification:Package 'src/robot_controller' with type 'ros.ament_python' and name 'robot_controller'
[1.171s] Level 1:colcon.colcon_core.package_identification:_identify(src/task_allocator) by extensions ['ignore', 'ignore_ament_install']
[1.171s] Level 1:colcon.colcon_core.package_identification:_identify(src/task_allocator) by extension 'ignore'
[1.171s] Level 1:colcon.colcon_core.package_identification:_identify(src/task_allocator) by extension 'ignore_ament_install'
[1.172s] Level 1:colcon.colcon_core.package_identification:_identify(src/task_allocator) by extensions ['colcon_pkg']
[1.172s] Level 1:colcon.colcon_core.package_identification:_identify(src/task_allocator) by extension 'colcon_pkg'
[1.172s] Level 1:colcon.colcon_core.package_identification:_identify(src/task_allocator) by extensions ['colcon_meta']
[1.172s] Level 1:colcon.colcon_core.package_identification:_identify(src/task_allocator) by extension 'colcon_meta'
[1.172s] Level 1:colcon.colcon_core.package_identification:_identify(src/task_allocator) by extensions ['ros']
[1.172s] Level 1:colcon.colcon_core.package_identification:_identify(src/task_allocator) by extension 'ros'
[1.173s] DEBUG:colcon.colcon_core.package_identification:Package 'src/task_allocator' with type 'ros.ament_python' and name 'task_allocator'
[1.174s] Level 1:colcon.colcon_core.package_identification:_identify(src/warehouse_description) by extensions ['ignore', 'ignore_ament_install']
[1.174s] Level 1:colcon.colcon_core.package_identification:_identify(src/warehouse_description) by extension 'ignore'
[1.174s] Level 1:colcon.colcon_core.package_identification:_identify(src/warehouse_description) by extension 'ignore_ament_install'
[1.174s] Level 1:colcon.colcon_core.package_identification:_identify(src/warehouse_description) by extensions ['colcon_pkg']
[1.174s] Level 1:colcon.colcon_core.package_identification:_identify(src/warehouse_description) by extension 'colcon_pkg'
[1.174s] Level 1:colcon.colcon_core.package_identification:_identify(src/warehouse_description) by extensions ['colcon_meta']
[1.174s] Level 1:colcon.colcon_core.package_identification:_identify(src/warehouse_description) by extension 'colcon_meta'
[1.174s] Level 1:colcon.colcon_core.package_identification:_identify(src/warehouse_description) by extensions ['ros']
[1.174s] Level 1:colcon.colcon_core.package_identification:_identify(src/warehouse_description) by extension 'ros'
[1.175s] DEBUG:colcon.colcon_core.package_identification:Package 'src/warehouse_description' with type 'ros.ament_python' and name 'warehouse_description'
[1.176s] Level 1:colcon.colcon_core.package_identification:_identify(src/warehouse_gazebo) by extensions ['ignore', 'ignore_ament_install']
[1.176s] Level 1:colcon.colcon_core.package_identification:_identify(src/warehouse_gazebo) by extension 'ignore'
[1.176s] Level 1:colcon.colcon_core.package_identification:_identify(src/warehouse_gazebo) by extension 'ignore_ament_install'
[1.176s] Level 1:colcon.colcon_core.package_identification:_identify(src/warehouse_gazebo) by extensions ['colcon_pkg']
[1.176s] Level 1:colcon.colcon_core.package_identification:_identify(src/warehouse_gazebo) by extension 'colcon_pkg'
[1.176s] Level 1:colcon.colcon_core.package_identification:_identify(src/warehouse_gazebo) by extensions ['colcon_meta']
[1.176s] Level 1:colcon.colcon_core.package_identification:_identify(src/warehouse_gazebo) by extension 'colcon_meta'
[1.176s] Level 1:colcon.colcon_core.package_identification:_identify(src/warehouse_gazebo) by extensions ['ros']
[1.176s] Level 1:colcon.colcon_core.package_identification:_identify(src/warehouse_gazebo) by extension 'ros'
[1.177s] DEBUG:colcon.colcon_core.package_identification:Package 'src/warehouse_gazebo' with type 'ros.ament_python' and name 'warehouse_gazebo'
[1.178s] Level 1:colcon.colcon_core.package_discovery:discover_packages(recursive) using defaults
[1.178s] Level 1:colcon.colcon_core.package_discovery:discover_packages(ignore) discover
[1.178s] Level 1:colcon.colcon_core.package_discovery:discover_packages(ignore) using defaults
[1.178s] Level 1:colcon.colcon_core.package_discovery:discover_packages(path) discover
[1.178s] Level 1:colcon.colcon_core.package_discovery:discover_packages(path) using defaults
[1.243s] INFO:colcon.colcon_core.package_selection:Skipping not selected package 'robot_controller' in 'src/robot_controller'
[1.243s] INFO:colcon.colcon_core.package_selection:Skipping not selected package 'task_allocator' in 'src/task_allocator'
[1.243s] INFO:colcon.colcon_core.package_selection:Skipping not selected package 'warehouse_description' in 'src/warehouse_description'
[1.244s] Level 1:colcon.colcon_core.package_discovery:discover_packages(prefix_path) check parameters
[1.244s] Level 1:colcon.colcon_core.package_discovery:discover_packages(prefix_path) discover
[1.251s] DEBUG:colcon.colcon_installed_package_information.package_discovery:Found 6 installed packages in /home/dhruv/mapf_ws/install
[1.253s] DEBUG:colcon.colcon_installed_package_information.package_discovery:Found 368 installed packages in /opt/ros/humble
[1.255s] Level 1:colcon.colcon_core.package_discovery:discover_packages(prefix_path) using defaults
[1.313s] Level 5:colcon.colcon_core.verb:set package 'bringup' build argument 'cmake_args' from command line to 'None'
[1.313s] Level 5:colcon.colcon_core.verb:set package 'bringup' build argument 'cmake_target' from command line to 'None'
[1.313s] Level 5:colcon.colcon_core.verb:set package 'bringup' build argument 'cmake_target_skip_unavailable' from command line to 'False'
[1.313s] Level 5:colcon.colcon_core.verb:set package 'bringup' build argument 'cmake_clean_cache' from command line to 'False'
[1.313s] Level 5:colcon.colcon_core.verb:set package 'bringup' build argument 'cmake_clean_first' from command line to 'False'
[1.313s] Level 5:colcon.colcon_core.verb:set package 'bringup' build argument 'cmake_force_configure' from command line to 'False'
[1.313s] Level 5:colcon.colcon_core.verb:set package 'bringup' build argument 'ament_cmake_args' from command line to 'None'
[1.313s] Level 5:colcon.colcon_core.verb:set package 'bringup' build argument 'catkin_cmake_args' from command line to 'None'
[1.313s] Level 5:colcon.colcon_core.verb:set package 'bringup' build argument 'catkin_skip_building_tests' from command line to 'False'
[1.313s] DEBUG:colcon.colcon_core.verb:Building package 'bringup' with the following arguments: {'ament_cmake_args': None, 'build_base': '/home/dhruv/mapf_ws/build/bringup', 'catkin_cmake_args': None, 'catkin_skip_building_tests': False, 'cmake_args': None, 'cmake_clean_cache': False, 'cmake_clean_first': False, 'cmake_force_configure': False, 'cmake_target': None, 'cmake_target_skip_unavailable': False, 'install_base': '/home/dhruv/mapf_ws/install/bringup', 'merge_install': False, 'path': '/home/dhruv/mapf_ws/src/bringup', 'symlink_install': False, 'test_result_base': None}
[1.313s] Level 5:colcon.colcon_core.verb:set package 'mapf_planner' build argument 'cmake_args' from command line to 'None'
[1.313s] Level 5:colcon.colcon_core.verb:set package 'mapf_planner' build argument 'cmake_target' from command line to 'None'
[1.313s] Level 5:colcon.colcon_core.verb:set package 'mapf_planner' build argument 'cmake_target_skip_unavailable' from command line to 'False'
[1.313s] Level 5:colcon.colcon_core.verb:set package 'mapf_planner' build argument 'cmake_clean_cache' from command line to 'False'
[1.313s] Level 5:colcon.colcon_core.verb:set package 'mapf_planner' build argument 'cmake_clean_first' from command line to 'False'
[1.313s] Level 5:colcon.colcon_core.verb:set package 'mapf_planner' build argument 'cmake_force_configure' from command line to 'False'
[1.313s] Level 5:colcon.colcon_core.verb:set package 'mapf_planner' build argument 'ament_cmake_args' from command line to 'None'
[1.313s] Level 5:colcon.colcon_core.verb:set package 'mapf_planner' build argument 'catkin_cmake_args' from command line to 'None'
[1.313s] Level 5:colcon.colcon_core.verb:set package 'mapf_planner' build argument 'catkin_skip_building_tests' from command line to 'False'
[1.314s] DEBUG:colcon.colcon_core.verb:Building package 'mapf_planner' with the following arguments: {'ament_cmake_args': None, 'build_base': '/home/dhruv/mapf_ws/build/mapf_planner', 'catkin_cmake_args': None, 'catkin_skip_building_tests': False, 'cmake_args': None, 'cmake_clean_cache': False, 'cmake_clean_first': False, 'cmake_force_configure': False, 'cmake_target': None, 'cmake_target_skip_unavailable': False, 'install_base': '/home/dhruv/mapf_ws/install/mapf_planner', 'merge_install': False, 'path': '/home/dhruv/mapf_ws/src/mapf_planner', 'symlink_install': False, 'test_result_base': None}
[1.314s] Level 5:colcon.colcon_core.verb:set package 'warehouse_gazebo' build argument 'cmake_args' from command line to 'None'
[1.314s] Level 5:colcon.colcon_core.verb:set package 'warehouse_gazebo' build argument 'cmake_target' from command line to 'None'
[1.314s] Level 5:colcon.colcon_core.verb:set package 'warehouse_gazebo' build argument 'cmake_target_skip_unavailable' from command line to 'False'
[1.314s] Level 5:colcon.colcon_core.verb:set package 'warehouse_gazebo' build argument 'cmake_clean_cache' from command line to 'False'
[1.314s] Level 5:colcon.colcon_core.verb:set package 'warehouse_gazebo' build argument 'cmake_clean_first' from command line to 'False'
[1.314s] Level 5:colcon.colcon_core.verb:set package 'warehouse_gazebo' build argument 'cmake_force_configure' from command line to 'False'
[1.314s] Level 5:colcon.colcon_core.verb:set package 'warehouse_gazebo' build argument 'ament_cmake_args' from command line to 'None'
[1.314s] Level 5:colcon.colcon_core.verb:set package 'warehouse_gazebo' build argument 'catkin_cmake_args' from command line to 'None'
[1.314s] Level 5:colcon.colcon_core.verb:set package 'warehouse_gazebo' build argument 'catkin_skip_building_tests' from command line to 'False'
[1.314s] DEBUG:colcon.colcon_core.verb:Building package 'warehouse_gazebo' with the following arguments: {'ament_cmake_args': None, 'build_base': '/home/dhruv/mapf_ws/build/warehouse_gazebo', 'catkin_cmake_args': None, 'catkin_skip_building_tests': False, 'cmake_args': None, 'cmake_clean_cache': False, 'cmake_clean_first': False, 'cmake_force_configure': False, 'cmake_target': None, 'cmake_target_skip_unavailable': False, 'install_base': '/home/dhruv/mapf_ws/install/warehouse_gazebo', 'merge_install': False, 'path': '/home/dhruv/mapf_ws/src/warehouse_gazebo', 'symlink_install': False, 'test_result_base': None}
[1.314s] INFO:colcon.colcon_core.executor:Executing jobs using 'parallel' executor
[1.315s] DEBUG:colcon.colcon_parallel_executor.executor.parallel:run_until_complete
[1.315s] INFO:colcon.colcon_ros.task.ament_python.build:Building ROS package in '/home/dhruv/mapf_ws/src/bringup' with build type 'ament_python'
[1.316s] Level 1:colcon.colcon_core.shell:create_environment_hook('bringup', 'ament_prefix_path')
[1.327s] INFO:colcon.colcon_core.plugin_system:Skipping extension 'colcon_core.shell.bat': Not used on non-Windows systems
[1.327s] INFO:colcon.colcon_core.shell:Creating environment hook '/home/dhruv/mapf_ws/install/bringup/share/bringup/hook/ament_prefix_path.ps1'
[1.330s] INFO:colcon.colcon_core.shell:Creating environment descriptor '/home/dhruv/mapf_ws/install/bringup/share/bringup/hook/ament_prefix_path.dsv'
[1.331s] INFO:colcon.colcon_core.shell:Creating environment hook '/home/dhruv/mapf_ws/install/bringup/share/bringup/hook/ament_prefix_path.sh'
[1.333s] INFO:colcon.colcon_core.shell:Skip shell extension 'powershell' for command environment: Not usable outside of PowerShell
[1.333s] DEBUG:colcon.colcon_core.shell:Skip shell extension 'dsv' for command environment
[1.340s] INFO:colcon.colcon_ros.task.ament_python.build:Building ROS package in '/home/dhruv/mapf_ws/src/mapf_planner' with build type 'ament_python'
[1.341s] Level 1:colcon.colcon_core.shell:create_environment_hook('mapf_planner', 'ament_prefix_path')
[1.341s] INFO:colcon.colcon_core.shell:Creating environment hook '/home/dhruv/mapf_ws/install/mapf_planner/share/mapf_planner/hook/ament_prefix_path.ps1'
[1.342s] INFO:colcon.colcon_core.shell:Creating environment descriptor '/home/dhruv/mapf_ws/install/mapf_planner/share/mapf_planner/hook/ament_prefix_path.dsv'
[1.342s] INFO:colcon.colcon_core.shell:Creating environment hook '/home/dhruv/mapf_ws/install/mapf_planner/share/mapf_planner/hook/ament_prefix_path.sh'
[1.343s] INFO:colcon.colcon_core.shell:Skip shell extension 'powershell' for command environment: Not usable outside of PowerShell
[1.343s] DEBUG:colcon.colcon_core.shell:Skip shell extension 'dsv' for command environment
[1.350s] INFO:colcon.colcon_ros.task.ament_python.build:Building ROS package in '/home/dhruv/mapf_ws/src/warehouse_gazebo' with build type 'ament_python'
[1.350s] Level 1:colcon.colcon_core.shell:create_environment_hook('warehouse_gazebo', 'ament_prefix_path')
[1.351s] INFO:colcon.colcon_core.shell:Creating environment hook '/home/dhruv/mapf_ws/install/warehouse_gazebo/share/warehouse_gazebo/hook/ament_prefix_path.ps1'
[1.353s] INFO:colcon.colcon_core.shell:Creating environment descriptor '/home/dhruv/mapf_ws/install/warehouse_gazebo/share/warehouse_gazebo/hook/ament_prefix_path.dsv'
[1.353s] INFO:colcon.colcon_core.shell:Creating environment hook '/home/dhruv/mapf_ws/install/warehouse_gazebo/share/warehouse_gazebo/hook/ament_prefix_path.sh'
[1.354s] INFO:colcon.colcon_core.shell:Skip shell extension 'powershell' for command environment: Not usable outside of PowerShell
[1.354s] DEBUG:colcon.colcon_core.shell:Skip shell extension 'dsv' for command environment
[1.662s] INFO:colcon.colcon_core.task.python.build:Building Python package in '/home/dhruv/mapf_ws/src/bringup'
[1.662s] INFO:colcon.colcon_core.shell:Skip shell extension 'powershell' for command environment: Not usable outside of PowerShell
[1.662s] DEBUG:colcon.colcon_core.shell:Skip shell extension 'dsv' for command environment
[1.962s] INFO:colcon.colcon_core.task.python.build:Building Python package in '/home/dhruv/mapf_ws/src/mapf_planner'
[1.962s] INFO:colcon.colcon_core.shell:Skip shell extension 'powershell' for command environment: Not usable outside of PowerShell
[1.962s] DEBUG:colcon.colcon_core.shell:Skip shell extension 'dsv' for command environment
[2.260s] INFO:colcon.colcon_core.task.python.build:Building Python package in '/home/dhruv/mapf_ws/src/warehouse_gazebo'
[2.261s] INFO:colcon.colcon_core.shell:Skip shell extension 'powershell' for command environment: Not usable outside of PowerShell
[2.261s] DEBUG:colcon.colcon_core.shell:Skip shell extension 'dsv' for command environment
[3.194s] DEBUG:colcon.colcon_core.event_handler.log_command:Invoking command in '/home/dhruv/mapf_ws/src/bringup': PYTHONPATH=/home/dhruv/mapf_ws/build/bringup/prefix_override:/usr/lib/python3/dist-packages/colcon_core/task/python/colcon_distutils_commands:/home/dhruv/mapf_ws/install/bringup/lib/python3.10/site-packages:${PYTHONPATH} /usr/bin/python3 -W ignore:setup.py install is deprecated -W ignore:easy_install command is deprecated setup.py egg_info --egg-base ../../build/bringup build --build-base /home/dhruv/mapf_ws/build/bringup/build install --record /home/dhruv/mapf_ws/build/bringup/install.log --single-version-externally-managed install_data
[3.217s] DEBUG:colcon.colcon_core.event_handler.log_command:Invoking command in '/home/dhruv/mapf_ws/src/warehouse_gazebo': PYTHONPATH=/home/dhruv/mapf_ws/build/warehouse_gazebo/prefix_override:/usr/lib/python3/dist-packages/colcon_core/task/python/colcon_distutils_commands:/home/dhruv/mapf_ws/install/warehouse_gazebo/lib/python3.10/site-packages:${PYTHONPATH} /usr/bin/python3 -W ignore:setup.py install is deprecated -W ignore:easy_install command is deprecated setup.py egg_info --egg-base ../../build/warehouse_gazebo build --build-base /home/dhruv/mapf_ws/build/warehouse_gazebo/build install --record /home/dhruv/mapf_ws/build/warehouse_gazebo/install.log --single-version-externally-managed install_data
[3.218s] DEBUG:colcon.colcon_core.event_handler.log_command:Invoking command in '/home/dhruv/mapf_ws/src/mapf_planner': PYTHONPATH=/home/dhruv/mapf_ws/build/mapf_planner/prefix_override:/usr/lib/python3/dist-packages/colcon_core/task/python/colcon_distutils_commands:/home/dhruv/mapf_ws/install/mapf_planner/lib/python3.10/site-packages:${PYTHONPATH} /usr/bin/python3 -W ignore:setup.py install is deprecated -W ignore:easy_install command is deprecated setup.py egg_info --egg-base ../../build/mapf_planner build --build-base /home/dhruv/mapf_ws/build/mapf_planner/build install --record /home/dhruv/mapf_ws/build/mapf_planner/install.log --single-version-externally-managed install_data
[3.593s] DEBUG:colcon.colcon_core.event_handler.log_command:Invoked command in '/home/dhruv/mapf_ws/src/bringup' returned '0': PYTHONPATH=/home/dhruv/mapf_ws/build/bringup/prefix_override:/usr/lib/python3/dist-packages/colcon_core/task/python/colcon_distutils_commands:/home/dhruv/mapf_ws/install/bringup/lib/python3.10/site-packages:${PYTHONPATH} /usr/bin/python3 -W ignore:setup.py install is deprecated -W ignore:easy_install command is deprecated setup.py egg_info --egg-base ../../build/bringup build --build-base /home/dhruv/mapf_ws/build/bringup/build install --record /home/dhruv/mapf_ws/build/bringup/install.log --single-version-externally-managed install_data
[3.614s] Level 1:colcon.colcon_core.environment:checking '/home/dhruv/mapf_ws/install/bringup' for CMake module files
[3.615s] Level 1:colcon.colcon_core.environment:checking '/home/dhruv/mapf_ws/install/bringup' for CMake config files
[3.619s] Level 1:colcon.colcon_core.environment:checking '/home/dhruv/mapf_ws/install/bringup/lib'
[3.620s] Level 1:colcon.colcon_core.environment:checking '/home/dhruv/mapf_ws/install/bringup/bin'
[3.620s] Level 1:colcon.colcon_core.environment:checking '/home/dhruv/mapf_ws/install/bringup/lib/pkgconfig/bringup.pc'
[3.621s] Level 1:colcon.colcon_core.environment:checking '/home/dhruv/mapf_ws/install/bringup/lib/python3.10/site-packages'
[3.622s] Level 1:colcon.colcon_core.shell:create_environment_hook('bringup', 'pythonpath')
[3.622s] INFO:colcon.colcon_core.shell:Creating environment hook '/home/dhruv/mapf_ws/install/bringup/share/bringup/hook/pythonpath.ps1'
[3.623s] INFO:colcon.colcon_core.shell:Creating environment descriptor '/home/dhruv/mapf_ws/install/bringup/share/bringup/hook/pythonpath.dsv'
[3.623s] INFO:colcon.colcon_core.shell:Creating environment hook '/home/dhruv/mapf_ws/install/bringup/share/bringup/hook/pythonpath.sh'
[3.624s] Level 1:colcon.colcon_core.environment:checking '/home/dhruv/mapf_ws/install/bringup/bin'
[3.624s] Level 1:colcon.colcon_core.environment:create_environment_scripts_only(bringup)
[3.625s] INFO:colcon.colcon_core.shell:Creating package script '/home/dhruv/mapf_ws/install/bringup/share/bringup/package.ps1'
[3.629s] INFO:colcon.colcon_core.shell:Creating package descriptor '/home/dhruv/mapf_ws/install/bringup/share/bringup/package.dsv'
[3.631s] INFO:colcon.colcon_core.shell:Creating package script '/home/dhruv/mapf_ws/install/bringup/share/bringup/package.sh'
[3.632s] INFO:colcon.colcon_core.shell:Creating package script '/home/dhruv/mapf_ws/install/bringup/share/bringup/package.bash'
[3.634s] INFO:colcon.colcon_core.shell:Creating package script '/home/dhruv/mapf_ws/install/bringup/share/bringup/package.zsh'
[3.637s] Level 1:colcon.colcon_core.environment:create_file_with_runtime_dependencies(/home/dhruv/mapf_ws/install/bringup/share/colcon-core/packages/bringup)
[3.664s] Level 1:colcon.colcon_core.environment:checking '/home/dhruv/mapf_ws/install/mapf_planner' for CMake module files
[3.665s] DEBUG:colcon.colcon_core.event_handler.log_command:Invoked command in '/home/dhruv/mapf_ws/src/mapf_planner' returned '0': PYTHONPATH=/home/dhruv/mapf_ws/build/mapf_planner/prefix_override:/usr/lib/python3/dist-packages/colcon_core/task/python/colcon_distutils_commands:/home/dhruv/mapf_ws/install/mapf_planner/lib/python3.10/site-packages:${PYTHONPATH} /usr/bin/python3 -W ignore:setup.py install is deprecated -W ignore:easy_install command is deprecated setup.py egg_info --egg-base ../../build/mapf_planner build --build-base /home/dhruv/mapf_ws/build/mapf_planner/build install --record /home/dhruv/mapf_ws/build/mapf_planner/install.log --single-version-externally-managed install_data
[3.666s] Level 1:colcon.colcon_core.environment:checking '/home/dhruv/mapf_ws/install/mapf_planner' for CMake config files
[3.668s] Level 1:colcon.colcon_core.environment:checking '/home/dhruv/mapf_ws/install/mapf_planner/lib'
[3.669s] Level 1:colcon.colcon_core.environment:checking '/home/dhruv/mapf_ws/install/mapf_planner/bin'
[3.669s] Level 1:colcon.colcon_core.environment:checking '/home/dhruv/mapf_ws/install/mapf_planner/lib/pkgconfig/mapf_planner.pc'
[3.669s] Level 1:colcon.colcon_core.environment:checking '/home/dhruv/mapf_ws/install/mapf_planner/lib/python3.10/site-packages'
[3.669s] Level 1:colcon.colcon_core.shell:create_environment_hook('mapf_planner', 'pythonpath')
[3.670s] INFO:colcon.colcon_core.shell:Creating environment hook '/home/dhruv/mapf_ws/install/mapf_planner/share/mapf_planner/hook/pythonpath.ps1'
[3.671s] INFO:colcon.colcon_core.shell:Creating environment descriptor '/home/dhruv/mapf_ws/install/mapf_planner/share/mapf_planner/hook/pythonpath.dsv'
[3.672s] INFO:colcon.colcon_core.shell:Creating environment hook '/home/dhruv/mapf_ws/install/mapf_planner/share/mapf_planner/hook/pythonpath.sh'
[3.673s] Level 1:colcon.colcon_core.environment:checking '/home/dhruv/mapf_ws/install/mapf_planner/bin'
[3.674s] Level 1:colcon.colcon_core.environment:create_environment_scripts_only(mapf_planner)
[3.674s] INFO:colcon.colcon_core.shell:Creating package script '/home/dhruv/mapf_ws/install/mapf_planner/share/mapf_planner/package.ps1'
[3.675s] INFO:colcon.colcon_core.shell:Creating package descriptor '/home/dhruv/mapf_ws/install/mapf_planner/share/mapf_planner/package.dsv'
[3.679s] INFO:colcon.colcon_core.shell:Creating package script '/home/dhruv/mapf_ws/install/mapf_planner/share/mapf_planner/package.sh'
[3.680s] INFO:colcon.colcon_core.shell:Creating package script '/home/dhruv/mapf_ws/install/mapf_planner/share/mapf_planner/package.bash'
[3.681s] INFO:colcon.colcon_core.shell:Creating package script '/home/dhruv/mapf_ws/install/mapf_planner/share/mapf_planner/package.zsh'
[3.682s] Level 1:colcon.colcon_core.environment:create_file_with_runtime_dependencies(/home/dhruv/mapf_ws/install/mapf_planner/share/colcon-core/packages/mapf_planner)
[3.699s] Level 1:colcon.colcon_core.environment:checking '/home/dhruv/mapf_ws/install/warehouse_gazebo' for CMake module files
[3.701s] DEBUG:colcon.colcon_core.event_handler.log_command:Invoked command in '/home/dhruv/mapf_ws/src/warehouse_gazebo' returned '0': PYTHONPATH=/home/dhruv/mapf_ws/build/warehouse_gazebo/prefix_override:/usr/lib/python3/dist-packages/colcon_core/task/python/colcon_distutils_commands:/home/dhruv/mapf_ws/install/warehouse_gazebo/lib/python3.10/site-packages:${PYTHONPATH} /usr/bin/python3 -W ignore:setup.py install is deprecated -W ignore:easy_install command is deprecated setup.py egg_info --egg-base ../../build/warehouse_gazebo build --build-base /home/dhruv/mapf_ws/build/warehouse_gazebo/build install --record /home/dhruv/mapf_ws/build/warehouse_gazebo/install.log --single-version-externally-managed install_data
[3.702s] Level 1:colcon.colcon_core.environment:checking '/home/dhruv/mapf_ws/install/warehouse_gazebo' for CMake config files
[3.705s] Level 1:colcon.colcon_core.environment:checking '/home/dhruv/mapf_ws/install/warehouse_gazebo/lib'
[3.705s] Level 1:colcon.colcon_core.environment:checking '/home/dhruv/mapf_ws/install/warehouse_gazebo/bin'
[3.705s] Level 1:colcon.colcon_core.environment:checking '/home/dhruv/mapf_ws/install/warehouse_gazebo/lib/pkgconfig/warehouse_gazebo.pc'
[3.706s] Level 1:colcon.colcon_core.environment:checking '/home/dhruv/mapf_ws/install/warehouse_gazebo/lib/python3.10/site-packages'
[3.706s] Level 1:colcon.colcon_core.shell:create_environment_hook('warehouse_gazebo', 'pythonpath')
[3.706s] INFO:colcon.colcon_core.shell:Creating environment hook '/home/dhruv/mapf_ws/install/warehouse_gazebo/share/warehouse_gazebo/hook/pythonpath.ps1'
[3.708s] INFO:colcon.colcon_core.shell:Creating environment descriptor '/home/dhruv/mapf_ws/install/warehouse_gazebo/share/warehouse_gazebo/hook/pythonpath.dsv'
[3.709s] INFO:colcon.colcon_core.shell:Creating environment hook '/home/dhruv/mapf_ws/install/warehouse_gazebo/share/warehouse_gazebo/hook/pythonpath.sh'
[3.710s] Level 1:colcon.colcon_core.environment:checking '/home/dhruv/mapf_ws/install/warehouse_gazebo/bin'
[3.710s] Level 1:colcon.colcon_core.environment:create_environment_scripts_only(warehouse_gazebo)
[3.710s] INFO:colcon.colcon_core.shell:Creating package script '/home/dhruv/mapf_ws/install/warehouse_gazebo/share/warehouse_gazebo/package.ps1'
[3.711s] INFO:colcon.colcon_core.shell:Creating package descriptor '/home/dhruv/mapf_ws/install/warehouse_gazebo/share/warehouse_gazebo/package.dsv'
[3.712s] INFO:colcon.colcon_core.shell:Creating package script '/home/dhruv/mapf_ws/install/warehouse_gazebo/share/warehouse_gazebo/package.sh'
[3.712s] INFO:colcon.colcon_core.shell:Creating package script '/home/dhruv/mapf_ws/install/warehouse_gazebo/share/warehouse_gazebo/package.bash'
[3.713s] INFO:colcon.colcon_core.shell:Creating package script '/home/dhruv/mapf_ws/install/warehouse_gazebo/share/warehouse_gazebo/package.zsh'
[3.713s] Level 1:colcon.colcon_core.environment:create_file_with_runtime_dependencies(/home/dhruv/mapf_ws/install/warehouse_gazebo/share/colcon-core/packages/warehouse_gazebo)
[3.714s] DEBUG:colcon.colcon_parallel_executor.executor.parallel:closing loop
[3.714s] DEBUG:colcon.colcon_parallel_executor.executor.parallel:loop closed
[3.715s] DEBUG:colcon.colcon_parallel_executor.executor.parallel:run_until_complete finished with '0'
[3.715s] DEBUG:colcon.colcon_core.event_reactor:joining thread
[3.738s] INFO:colcon.colcon_core.plugin_system:Skipping extension 'colcon_notification.desktop_notification.terminal_notifier': Not used on non-Darwin systems
[3.738s] INFO:colcon.colcon_core.plugin_system:Skipping extension 'colcon_notification.desktop_notification.win32': Not used on non-Windows systems
[3.738s] INFO:colcon.colcon_notification.desktop_notification:Sending desktop notification using 'notify2'
[3.866s] DEBUG:colcon.colcon_core.event_reactor:joined thread
[3.867s] INFO:colcon.colcon_core.shell:Creating prefix script '/home/dhruv/mapf_ws/install/local_setup.ps1'
[3.869s] INFO:colcon.colcon_core.shell:Creating prefix util module '/home/dhruv/mapf_ws/install/_local_setup_util_ps1.py'
[3.870s] INFO:colcon.colcon_core.shell:Creating prefix chain script '/home/dhruv/mapf_ws/install/setup.ps1'
[3.872s] INFO:colcon.colcon_core.shell:Creating prefix script '/home/dhruv/mapf_ws/install/local_setup.sh'
[3.873s] INFO:colcon.colcon_core.shell:Creating prefix util module '/home/dhruv/mapf_ws/install/_local_setup_util_sh.py'
[3.874s] INFO:colcon.colcon_core.shell:Creating prefix chain script '/home/dhruv/mapf_ws/install/setup.sh'
[3.876s] INFO:colcon.colcon_core.shell:Creating prefix script '/home/dhruv/mapf_ws/install/local_setup.bash'
[3.878s] INFO:colcon.colcon_core.shell:Creating prefix chain script '/home/dhruv/mapf_ws/install/setup.bash'
[3.880s] INFO:colcon.colcon_core.shell:Creating prefix script '/home/dhruv/mapf_ws/install/local_setup.zsh'
[3.881s] INFO:colcon.colcon_core.shell:Creating prefix chain script '/home/dhruv/mapf_ws/install/setup.zsh'
